{"ip":"::1","level":"info","message":"HTTP_REQUEST_START","method":"POST","path":"/api/V1/auth/V1/register","requestId":"e309643d-8462-419f-bb89-0b0f7c3413ad","timestamp":"2025-12-01T04:47:28.361Z","userAgent":"PostmanRuntime/7.49.1"}
{"level":"error","message":"[API_ERROR] 400 - Validation failed: Password must contain at least 1 uppercase, 1 lowercase, 1 number, and 1 symbol.","timestamp":"2025-12-01T04:47:28.365Z"}
{"durationMs":15.13,"level":"warn","message":"HTTP_REQUEST_CLIENT_ERROR","requestId":"e309643d-8462-419f-bb89-0b0f7c3413ad","statusCode":400,"timestamp":"2025-12-01T04:47:28.368Z"}
{"ip":"::1","level":"info","message":"HTTP_REQUEST_START","method":"POST","path":"/api/V1/auth/V1/register","requestId":"60f25b15-2293-4b6c-9dac-0d27a80860f3","timestamp":"2025-12-01T04:47:57.353Z","userAgent":"PostmanRuntime/7.49.1"}
{"attemptCount":1,"auditedEmail":"jokhdn@l.com","auditedUserId":"692d1dfd50cd0c448f9375b3","initialStatus":"REGISTRATION_SUCCESS","latestStatus":"REGISTRATION_SUCCESS","level":"info","message":"AUDIT_LOGGED: USER_REGISTER_ATTEMPT - REGISTRATION_SUCCESS - ","requestId":"60f25b15-2293-4b6c-9dac-0d27a80860f3","timestamp":"2025-12-01T04:47:57.559Z"}
{"durationMs":208.02,"level":"info","message":"HTTP_REQUEST_END","requestId":"60f25b15-2293-4b6c-9dac-0d27a80860f3","statusCode":201,"timestamp":"2025-12-01T04:47:57.560Z"}
{"ip":"::1","level":"info","message":"HTTP_REQUEST_START","method":"POST","path":"/api/V1/auth/V1/register","requestId":"6049072e-b069-4b3b-a211-8f14c985465b","timestamp":"2025-12-01T04:48:08.184Z","userAgent":"PostmanRuntime/7.49.1"}
{"level":"error","message":"[API_ERROR] 400 - Validation failed: Please use a valid email address","timestamp":"2025-12-01T04:48:08.186Z"}
{"durationMs":3.2,"level":"warn","message":"HTTP_REQUEST_CLIENT_ERROR","requestId":"6049072e-b069-4b3b-a211-8f14c985465b","statusCode":400,"timestamp":"2025-12-01T04:48:08.188Z"}
{"ip":"::1","level":"info","message":"HTTP_REQUEST_START","method":"POST","path":"/api/V1/auth/V1/register","requestId":"3610e3f6-874a-443f-81eb-53bc76efa66f","timestamp":"2025-12-01T05:03:04.604Z","userAgent":"PostmanRuntime/7.49.1"}
{"level":"error","message":"[API_ERROR] 400 - Validation failed: Please use a valid email address","timestamp":"2025-12-01T05:03:04.608Z"}
{"durationMs":9.25,"level":"warn","message":"HTTP_REQUEST_CLIENT_ERROR","requestId":"3610e3f6-874a-443f-81eb-53bc76efa66f","statusCode":400,"timestamp":"2025-12-01T05:03:04.612Z"}
{"ip":"::1","level":"info","message":"HTTP_REQUEST_START","method":"POST","path":"/api/V1/auth/V1/register","requestId":"075927a7-8b3e-4f3e-b9d1-1fa11d1c433c","timestamp":"2025-12-01T05:03:20.144Z","userAgent":"PostmanRuntime/7.49.1"}
{"attemptCount":1,"auditedEmail":"jokhdnl@gmial.com","auditedUserId":"692d21985f11943eb8cd3a2c","initialStatus":"REGISTRATION_SUCCESS","latestStatus":"REGISTRATION_SUCCESS","level":"info","message":"AUDIT_LOGGED: USER_REGISTER_ATTEMPT - REGISTRATION_SUCCESS - ","requestId":"075927a7-8b3e-4f3e-b9d1-1fa11d1c433c","timestamp":"2025-12-01T05:03:20.345Z"}
{"durationMs":203.19,"level":"info","message":"HTTP_REQUEST_END","requestId":"075927a7-8b3e-4f3e-b9d1-1fa11d1c433c","statusCode":201,"timestamp":"2025-12-01T05:03:20.347Z"}
{"ip":"::1","level":"info","message":"HTTP_REQUEST_START","method":"POST","path":"/api/V1/auth/V1/register","requestId":"00d7b81f-8025-44a0-829d-5b5320e59264","timestamp":"2025-12-01T05:03:25.774Z","userAgent":"PostmanRuntime/7.49.1"}
{"attemptCount":2,"auditedEmail":"jokhdnl@gmial.com","auditedUserId":"692d21985f11943eb8cd3a2c","initialStatus":"REGISTRATION_SUCCESS","latestStatus":"REGISTRATION_BLOCKED_ALREADY_EXISTS","level":"info","message":"AUDIT_LOGGED: USER_REGISTER_ATTEMPT - REGISTRATION_BLOCKED_ALREADY_EXISTS - ","requestId":"00d7b81f-8025-44a0-829d-5b5320e59264","timestamp":"2025-12-01T05:03:25.783Z"}
{"level":"error","message":"[API_ERROR] 400 - User already Exist with that email","timestamp":"2025-12-01T05:03:25.783Z"}
{"durationMs":10.46,"level":"warn","message":"HTTP_REQUEST_CLIENT_ERROR","requestId":"00d7b81f-8025-44a0-829d-5b5320e59264","statusCode":400,"timestamp":"2025-12-01T05:03:25.785Z"}
{"ip":"::1","level":"info","message":"HTTP_REQUEST_START","method":"POST","path":"/api/V1/auth/V1/register","requestId":"902b99a8-2582-4604-ae00-0fb8411da481","timestamp":"2025-12-01T05:22:34.431Z","userAgent":"PostmanRuntime/7.49.1"}
{"attemptCount":3,"auditedEmail":"jokhdnl@gmial.com","auditedUserId":"692d21985f11943eb8cd3a2c","initialStatus":"REGISTRATION_SUCCESS","latestStatus":"REGISTRATION_BLOCKED_ALREADY_EXISTS","level":"info","message":"AUDIT_LOGGED: USER_REGISTER_ATTEMPT - REGISTRATION_BLOCKED_ALREADY_EXISTS - ","requestId":"902b99a8-2582-4604-ae00-0fb8411da481","timestamp":"2025-12-01T05:22:34.450Z"}
{"level":"error","message":"[API_ERROR] 400 - User already Exist with that email","timestamp":"2025-12-01T05:22:34.452Z"}
{"durationMs":26.87,"level":"warn","message":"HTTP_REQUEST_CLIENT_ERROR","requestId":"902b99a8-2582-4604-ae00-0fb8411da481","statusCode":400,"timestamp":"2025-12-01T05:22:34.456Z"}
{"ip":"::1","level":"info","message":"HTTP_REQUEST_START","method":"POST","path":"/api/V1/auth/V1/register","requestId":"33b08d8a-df8c-4ecb-a27c-29f5d7857c27","timestamp":"2025-12-01T05:25:31.952Z","userAgent":"PostmanRuntime/7.49.1"}
{"attemptCount":1,"auditedEmail":"jokhdnnl@gmial.com","auditedUserId":"692d26cb15afae23a6ee1e26","initialStatus":"REGISTRATION_SUCCESS","latestStatus":"REGISTRATION_SUCCESS","level":"info","message":"AUDIT_LOGGED: USER_REGISTER_ATTEMPT - REGISTRATION_SUCCESS - ","requestId":"33b08d8a-df8c-4ecb-a27c-29f5d7857c27","timestamp":"2025-12-01T05:25:32.181Z"}
{"durationMs":231.11,"level":"info","message":"HTTP_REQUEST_END","requestId":"33b08d8a-df8c-4ecb-a27c-29f5d7857c27","statusCode":201,"timestamp":"2025-12-01T05:25:32.183Z"}
{"ip":"::1","level":"info","message":"HTTP_REQUEST_START","method":"POST","path":"/api/V1/auth/V1/register","requestId":"08b5ecdc-befa-42eb-8501-58b9eef6a4bd","timestamp":"2025-12-01T05:31:41.281Z","userAgent":"PostmanRuntime/7.49.1"}
{"attemptCount":1,"auditedEmail":"jokhdnnnnl@gmial.com","auditedUserId":"692d283d53db83113620f48c","initialStatus":"PENDING","latestStatus":"REGISTRATION_SUCCESS","level":"info","message":"AUDIT_LOGGED: USER_REGISTER_ATTEMPT - REGISTRATION_SUCCESS - ","requestId":"08b5ecdc-befa-42eb-8501-58b9eef6a4bd","timestamp":"2025-12-01T05:31:41.502Z"}
{"durationMs":233.64,"level":"info","message":"HTTP_REQUEST_END","requestId":"08b5ecdc-befa-42eb-8501-58b9eef6a4bd","statusCode":201,"timestamp":"2025-12-01T05:31:41.506Z"}
{"ip":"::1","level":"info","message":"HTTP_REQUEST_START","method":"POST","path":"/api/V1/auth/V1/register","requestId":"594239c1-0d27-4978-a8e3-20476ad66407","timestamp":"2025-12-01T05:31:46.597Z","userAgent":"PostmanRuntime/7.49.1"}
{"attemptCount":2,"auditedEmail":"jokhdnnnnl@gmial.com","auditedUserId":"692d283d53db83113620f48c","initialStatus":"PENDING","latestStatus":"REGISTRATION_BLOCKED_ALREADY_EXISTS","level":"info","message":"AUDIT_LOGGED: USER_REGISTER_ATTEMPT - REGISTRATION_BLOCKED_ALREADY_EXISTS - ","requestId":"594239c1-0d27-4978-a8e3-20476ad66407","timestamp":"2025-12-01T05:31:46.605Z"}
{"level":"error","message":"[API_ERROR] 400 - User already Exist with that email","timestamp":"2025-12-01T05:31:46.606Z"}
{"durationMs":10.32,"level":"warn","message":"HTTP_REQUEST_CLIENT_ERROR","requestId":"594239c1-0d27-4978-a8e3-20476ad66407","statusCode":400,"timestamp":"2025-12-01T05:31:46.607Z"}
{"ip":"::1","level":"info","message":"HTTP_REQUEST_START","method":"POST","path":"/api/V1/auth/V1/register","requestId":"517d7193-38a5-453d-9e45-beabff0c3201","timestamp":"2025-12-01T05:37:13.699Z","userAgent":"PostmanRuntime/7.49.1"}
{"attemptCount":1,"auditedEmail":"jokhdnnnjnl@gmial.com","auditedUserId":"692d2989662975c59549c7cc","initialStatus":"REGISTRATION_SUCCESS","latestStatus":"REGISTRATION_SUCCESS","level":"info","message":"AUDIT_LOGGED: USER_REGISTER_ATTEMPT - REGISTRATION_SUCCESS - ","requestId":"517d7193-38a5-453d-9e45-beabff0c3201","timestamp":"2025-12-01T05:37:13.916Z"}
{"durationMs":223.44,"level":"info","message":"HTTP_REQUEST_END","requestId":"517d7193-38a5-453d-9e45-beabff0c3201","statusCode":201,"timestamp":"2025-12-01T05:37:13.921Z"}
{"ip":"::1","level":"info","message":"HTTP_REQUEST_START","method":"POST","path":"/api/V1/auth/V1/register","requestId":"df8f5156-2ee4-448e-b85e-f27478e29fc9","timestamp":"2025-12-01T05:47:33.347Z","userAgent":"PostmanRuntime/7.49.1"}
{"attemptCount":2,"auditedEmail":"jokhdnnnjnl@gmial.com","auditedUserId":"692d2989662975c59549c7cc","initialStatus":"REGISTRATION_SUCCESS","latestStatus":"REGISTRATION_BLOCKED_ALREADY_EXISTS","level":"info","message":"AUDIT_LOGGED: USER_REGISTER_ATTEMPT - REGISTRATION_BLOCKED_ALREADY_EXISTS - ","requestId":"df8f5156-2ee4-448e-b85e-f27478e29fc9","timestamp":"2025-12-01T05:47:33.365Z"}
{"level":"error","message":"[API_ERROR] 400 - User already Exist with that email","timestamp":"2025-12-01T05:47:33.366Z"}
{"durationMs":24.3,"level":"warn","message":"HTTP_REQUEST_CLIENT_ERROR","requestId":"df8f5156-2ee4-448e-b85e-f27478e29fc9","statusCode":400,"timestamp":"2025-12-01T05:47:33.370Z"}
{"ip":"::1","level":"info","message":"HTTP_REQUEST_START","method":"POST","path":"/api/V1/auth/V1/register","requestId":"7c3d56bd-df60-499e-908a-a5ceeeae583d","timestamp":"2025-12-01T05:48:14.215Z","userAgent":"PostmanRuntime/7.49.1"}
{"attemptCount":1,"auditedEmail":"jokmhdnnnjnl@gmial.com","auditedUserId":"692d2c1eae1ad5d01a5b36c6","initialStatus":"REGISTRATION_SUCCESS","latestStatus":"REGISTRATION_SUCCESS","level":"info","message":"AUDIT_LOGGED: USER_REGISTER_ATTEMPT - REGISTRATION_SUCCESS - ","requestId":"7c3d56bd-df60-499e-908a-a5ceeeae583d","timestamp":"2025-12-01T05:48:14.413Z"}
{"durationMs":200.01,"level":"info","message":"HTTP_REQUEST_END","requestId":"7c3d56bd-df60-499e-908a-a5ceeeae583d","statusCode":201,"timestamp":"2025-12-01T05:48:14.415Z"}
{"ip":"::1","level":"info","message":"HTTP_REQUEST_START","method":"POST","path":"/api/V1/auth/V1/register","requestId":"6a3ba5ee-1eb6-4604-b53a-af92ecef188c","timestamp":"2025-12-01T05:50:04.326Z","userAgent":"PostmanRuntime/7.49.1"}
{"attemptCount":1,"auditedEmail":"jokmhdnnnnjnl@gmial.com","auditedUserId":"692d2c8c0026060a47200f18","initialStatus":"REGISTRATION_SUCCESS","latestStatus":"REGISTRATION_SUCCESS","level":"info","message":"AUDIT_LOGGED: USER_REGISTER_ATTEMPT - REGISTRATION_SUCCESS - ","requestId":"6a3ba5ee-1eb6-4604-b53a-af92ecef188c","timestamp":"2025-12-01T05:50:04.583Z"}
{"durationMs":270.51,"level":"info","message":"HTTP_REQUEST_END","requestId":"6a3ba5ee-1eb6-4604-b53a-af92ecef188c","statusCode":201,"timestamp":"2025-12-01T05:50:04.587Z"}
{"ip":"::1","level":"info","message":"HTTP_REQUEST_START","method":"POST","path":"/api/V1/auth/V1/register","requestId":"77795dd9-afe3-4eb6-b8f3-fe18ba262e4b","timestamp":"2025-12-01T05:50:49.143Z","userAgent":"PostmanRuntime/7.49.1"}
{"attemptCount":1,"auditedEmail":"joknmhdnnnnjnl@gmial.com","auditedUserId":"692d2cb90768fe3cce810fac","initialStatus":"REGISTRATION_SUCCESS","latestStatus":"REGISTRATION_SUCCESS","level":"info","message":"AUDIT_LOGGED: USER_REGISTER_ATTEMPT - REGISTRATION_SUCCESS - ","requestId":"77795dd9-afe3-4eb6-b8f3-fe18ba262e4b","timestamp":"2025-12-01T05:50:49.332Z"}
{"durationMs":194.45,"level":"info","message":"HTTP_REQUEST_END","requestId":"77795dd9-afe3-4eb6-b8f3-fe18ba262e4b","statusCode":201,"timestamp":"2025-12-01T05:50:49.335Z"}
{"ip":"::1","level":"info","message":"HTTP_REQUEST_START","method":"POST","path":"/api/V1/auth/V1/register","requestId":"d7a3847c-9c46-4568-976c-5274917ab62c","timestamp":"2025-12-01T05:54:47.070Z","userAgent":"PostmanRuntime/7.49.1"}
{"attemptCount":1,"auditedEmail":"joknmbhdnnnnjnl@gmial.com","auditedUserId":"692d2da71dd51302096c84d3","initialStatus":"PENDING","latestStatus":"REGISTRATION_SUCCESS","level":"info","message":"AUDIT_LOGGED: USER_REGISTER_ATTEMPT - REGISTRATION_SUCCESS - ","requestId":"d7a3847c-9c46-4568-976c-5274917ab62c","timestamp":"2025-12-01T05:54:47.280Z"}
{"durationMs":214.58,"level":"info","message":"HTTP_REQUEST_END","requestId":"d7a3847c-9c46-4568-976c-5274917ab62c","statusCode":201,"timestamp":"2025-12-01T05:54:47.283Z"}
{"ip":"::1","level":"info","message":"HTTP_REQUEST_START","method":"POST","path":"/api/V1/auth/V1/register","requestId":"470283e4-34e3-48ec-9eab-eac9ca13b74b","timestamp":"2025-12-01T05:54:52.749Z","userAgent":"PostmanRuntime/7.49.1"}
{"attemptCount":2,"auditedEmail":"joknmbhdnnnnjnl@gmial.com","auditedUserId":"692d2da71dd51302096c84d3","initialStatus":"PENDING","latestStatus":"REGISTRATION_BLOCKED_ALREADY_EXISTS","level":"info","message":"AUDIT_LOGGED: USER_REGISTER_ATTEMPT - REGISTRATION_BLOCKED_ALREADY_EXISTS - ","requestId":"470283e4-34e3-48ec-9eab-eac9ca13b74b","timestamp":"2025-12-01T05:54:52.757Z"}
{"level":"error","message":"[API_ERROR] 400 - User already Exist with that email","timestamp":"2025-12-01T05:54:52.758Z"}
{"durationMs":10.87,"level":"warn","message":"HTTP_REQUEST_CLIENT_ERROR","requestId":"470283e4-34e3-48ec-9eab-eac9ca13b74b","statusCode":400,"timestamp":"2025-12-01T05:54:52.760Z"}
{"ip":"::1","level":"info","message":"HTTP_REQUEST_START","method":"POST","path":"/api/V1/auth/V1/register","requestId":"9108bde4-66d4-468b-a125-c9f0b02c5b9d","timestamp":"2025-12-01T06:01:47.291Z","userAgent":"PostmanRuntime/7.49.1"}
{"attemptCount":3,"auditedEmail":"joknmbhdnnnnjnl@gmial.com","auditedUserId":"692d2da71dd51302096c84d3","initialStatus":"PENDING","latestStatus":"REGISTRATION_BLOCKED_ALREADY_EXISTS","level":"info","message":"AUDIT_LOGGED: USER_REGISTER_ATTEMPT - REGISTRATION_BLOCKED_ALREADY_EXISTS - ","requestId":"9108bde4-66d4-468b-a125-c9f0b02c5b9d","timestamp":"2025-12-01T06:01:47.309Z"}
{"level":"error","message":"[API_ERROR] 400 - User already Exist with that email","timestamp":"2025-12-01T06:01:47.311Z"}
{"durationMs":35.43,"level":"warn","message":"HTTP_REQUEST_CLIENT_ERROR","requestId":"9108bde4-66d4-468b-a125-c9f0b02c5b9d","statusCode":400,"timestamp":"2025-12-01T06:01:47.319Z"}
{"ip":"::1","level":"info","message":"HTTP_REQUEST_START","method":"POST","path":"/api/V1/auth/V1/register","requestId":"698826cf-aae8-4193-8033-5b3fa68c83b5","timestamp":"2025-12-01T06:02:10.272Z","userAgent":"PostmanRuntime/7.49.1"}
{"attemptCount":1,"auditedEmail":"joknmbhdnnnnnjnl@gmial.com","auditedUserId":"692d2f62a5a915c8c73a6f68","initialStatus":"INITIATED","latestStatus":"REGISTRATION_SUCCESS","level":"info","message":"AUDIT_LOGGED: USER_REGISTER_ATTEMPT - REGISTRATION_SUCCESS - ","requestId":"698826cf-aae8-4193-8033-5b3fa68c83b5","timestamp":"2025-12-01T06:02:10.491Z"}
{"durationMs":220.45,"level":"info","message":"HTTP_REQUEST_END","requestId":"698826cf-aae8-4193-8033-5b3fa68c83b5","statusCode":201,"timestamp":"2025-12-01T06:02:10.493Z"}
{"ip":"::1","level":"info","message":"HTTP_REQUEST_START","method":"POST","path":"/api/V1/auth/V1/register","requestId":"f9dd8d50-4291-400c-b922-a971bfde508b","timestamp":"2025-12-01T06:02:15.250Z","userAgent":"PostmanRuntime/7.49.1"}
{"attemptCount":2,"auditedEmail":"joknmbhdnnnnnjnl@gmial.com","auditedUserId":"692d2f62a5a915c8c73a6f68","initialStatus":"INITIATED","latestStatus":"REGISTRATION_BLOCKED_ALREADY_EXISTS","level":"info","message":"AUDIT_LOGGED: USER_REGISTER_ATTEMPT - REGISTRATION_BLOCKED_ALREADY_EXISTS - ","requestId":"f9dd8d50-4291-400c-b922-a971bfde508b","timestamp":"2025-12-01T06:02:15.255Z"}
{"level":"error","message":"[API_ERROR] 400 - User already Exist with that email","timestamp":"2025-12-01T06:02:15.256Z"}
{"durationMs":7.7,"level":"warn","message":"HTTP_REQUEST_CLIENT_ERROR","requestId":"f9dd8d50-4291-400c-b922-a971bfde508b","statusCode":400,"timestamp":"2025-12-01T06:02:15.258Z"}
{"ip":"::1","level":"info","message":"HTTP_REQUEST_START","method":"POST","path":"/api/V1/auth/V1/register","requestId":"2301c25b-afda-4a27-8204-e7f654872bb0","timestamp":"2025-12-01T06:02:18.757Z","userAgent":"PostmanRuntime/7.49.1"}
{"attemptCount":3,"auditedEmail":"joknmbhdnnnnnjnl@gmial.com","auditedUserId":"692d2f62a5a915c8c73a6f68","initialStatus":"INITIATED","latestStatus":"REGISTRATION_BLOCKED_ALREADY_EXISTS","level":"info","message":"AUDIT_LOGGED: USER_REGISTER_ATTEMPT - REGISTRATION_BLOCKED_ALREADY_EXISTS - ","requestId":"2301c25b-afda-4a27-8204-e7f654872bb0","timestamp":"2025-12-01T06:02:18.763Z"}
{"level":"error","message":"[API_ERROR] 400 - User already Exist with that email","timestamp":"2025-12-01T06:02:18.763Z"}
{"durationMs":7.78,"level":"warn","message":"HTTP_REQUEST_CLIENT_ERROR","requestId":"2301c25b-afda-4a27-8204-e7f654872bb0","statusCode":400,"timestamp":"2025-12-01T06:02:18.765Z"}
{"ip":"::1","level":"info","message":"HTTP_REQUEST_START","method":"POST","path":"/api/V1/auth/V1/register","requestId":"21704f3c-1f16-467c-8b42-140fad07eb4a","timestamp":"2025-12-01T06:20:27.206Z","userAgent":"PostmanRuntime/7.49.1"}
{"error":"Updating the path 'attemptCount' would create a conflict at 'attemptCount'","filter":{"action":"USER_REGISTER_ATTEMPT","trackedEmail":"joknmbhdjnnnnjnl@gmial.com"},"level":"error","message":"AUDIT_LOG_FAILED: Registration upsert error","timestamp":"2025-12-01T06:20:27.415Z","update":{"$inc":{"attemptCount":1},"$set":{"ip":"::1","lastAttempt":"2025-12-01T06:20:27.404Z","requestId":"21704f3c-1f16-467c-8b42-140fad07eb4a","status":"REGISTRATION_SUCCESS","userAgent":"PostmanRuntime/7.49.1","userId":"692d33abdff25c6dcdcccda8"},"$setOnInsert":{"attemptCount":0,"createdAt":"2025-12-01T06:20:27.404Z","initialStatus":"USER_REGISTER_ATTEMPT","severity":"WARN"}}}
{"durationMs":221.91,"level":"info","message":"HTTP_REQUEST_END","requestId":"21704f3c-1f16-467c-8b42-140fad07eb4a","statusCode":201,"timestamp":"2025-12-01T06:20:27.420Z"}
{"ip":"::1","level":"info","message":"HTTP_REQUEST_START","method":"POST","path":"/api/V1/auth/V1/register","requestId":"2a963662-51aa-4d97-8ca6-799149ef551e","timestamp":"2025-12-01T06:21:24.111Z","userAgent":"PostmanRuntime/7.49.1"}
{"error":"Updating the path 'attemptCount' would create a conflict at 'attemptCount'","filter":{"action":"USER_REGISTER_ATTEMPT","trackedEmail":"joknmbhdjnnnnjnl@gmial.com"},"level":"error","message":"AUDIT_LOG_FAILED: Registration upsert error","timestamp":"2025-12-01T06:21:24.129Z","update":{"$inc":{"attemptCount":1},"$set":{"ip":"::1","lastAttempt":"2025-12-01T06:21:24.122Z","requestId":"2a963662-51aa-4d97-8ca6-799149ef551e","status":"REGISTRATION_BLOCKED_ALREADY_EXISTS","userAgent":"PostmanRuntime/7.49.1","userId":"692d33abdff25c6dcdcccda8"},"$setOnInsert":{"attemptCount":0,"createdAt":"2025-12-01T06:21:24.122Z","initialStatus":"USER_REGISTER_ATTEMPT","severity":"WARN"}}}
{"level":"error","message":"[API_ERROR] 400 - User already Exist with that email","timestamp":"2025-12-01T06:21:24.131Z"}
{"durationMs":26.68,"level":"warn","message":"HTTP_REQUEST_CLIENT_ERROR","requestId":"2a963662-51aa-4d97-8ca6-799149ef551e","statusCode":400,"timestamp":"2025-12-01T06:21:24.135Z"}
{"ip":"::1","level":"info","message":"HTTP_REQUEST_START","method":"POST","path":"/api/V1/auth/V1/register","requestId":"35862d0a-c005-4700-bb8a-b67a69a94ca4","timestamp":"2025-12-01T06:21:45.442Z","userAgent":"PostmanRuntime/7.49.1"}
{"attemptCount":1,"auditedEmail":"joknmbhdjnnnnjnl@gmial.com","auditedUserId":"692d33abdff25c6dcdcccda8","initialStatus":"USER_REGISTER_ATTEMPT","latestStatus":"REGISTRATION_BLOCKED_ALREADY_EXISTS","level":"info","message":"AUDIT_LOGGED: USER_REGISTER_ATTEMPT - REGISTRATION_BLOCKED_ALREADY_EXISTS - ","requestId":"35862d0a-c005-4700-bb8a-b67a69a94ca4","timestamp":"2025-12-01T06:21:45.460Z"}
{"level":"error","message":"[API_ERROR] 400 - User already Exist with that email","timestamp":"2025-12-01T06:21:45.462Z"}
{"durationMs":24.42,"level":"warn","message":"HTTP_REQUEST_CLIENT_ERROR","requestId":"35862d0a-c005-4700-bb8a-b67a69a94ca4","statusCode":400,"timestamp":"2025-12-01T06:21:45.465Z"}
{"ip":"::1","level":"info","message":"HTTP_REQUEST_START","method":"POST","path":"/api/V1/auth/V1/register","requestId":"0dfa3261-1e88-48f3-8c2a-ae3ede187ce5","timestamp":"2025-12-01T06:22:04.393Z","userAgent":"PostmanRuntime/7.49.1"}
{"attemptCount":1,"auditedEmail":"joknmbhdjnnbnnjnl@gmial.com","auditedUserId":"692d340cbada7ef5b17b271d","initialStatus":"USER_REGISTER_ATTEMPT","latestStatus":"REGISTRATION_SUCCESS","level":"info","message":"AUDIT_LOGGED: USER_REGISTER_ATTEMPT - REGISTRATION_SUCCESS - ","requestId":"0dfa3261-1e88-48f3-8c2a-ae3ede187ce5","timestamp":"2025-12-01T06:22:04.588Z"}
{"durationMs":198.51,"level":"info","message":"HTTP_REQUEST_END","requestId":"0dfa3261-1e88-48f3-8c2a-ae3ede187ce5","statusCode":201,"timestamp":"2025-12-01T06:22:04.591Z"}
{"ip":"::1","level":"info","message":"HTTP_REQUEST_START","method":"POST","path":"/api/V1/auth/V1/register","requestId":"a00f343e-10a9-4259-80df-9ead78b9e08b","timestamp":"2025-12-01T06:22:20.430Z","userAgent":"PostmanRuntime/7.49.1"}
{"attemptCount":2,"auditedEmail":"joknmbhdjnnbnnjnl@gmial.com","auditedUserId":"692d340cbada7ef5b17b271d","initialStatus":"USER_REGISTER_ATTEMPT","latestStatus":"REGISTRATION_BLOCKED_ALREADY_EXISTS","level":"info","message":"AUDIT_LOGGED: USER_REGISTER_ATTEMPT - REGISTRATION_BLOCKED_ALREADY_EXISTS - ","requestId":"a00f343e-10a9-4259-80df-9ead78b9e08b","timestamp":"2025-12-01T06:22:20.438Z"}
{"level":"error","message":"[API_ERROR] 400 - User already Exist with that email","timestamp":"2025-12-01T06:22:20.440Z"}
{"durationMs":10.9,"level":"warn","message":"HTTP_REQUEST_CLIENT_ERROR","requestId":"a00f343e-10a9-4259-80df-9ead78b9e08b","statusCode":400,"timestamp":"2025-12-01T06:22:20.441Z"}
{"ip":"::1","level":"info","message":"HTTP_REQUEST_START","method":"POST","path":"/api/V1/auth/V1/register","requestId":"e25b4240-200f-4165-a4ca-daf647fc6275","timestamp":"2025-12-01T06:30:47.999Z","userAgent":"PostmanRuntime/7.49.1"}
{"attemptCount":1,"auditedEmail":"joknmbhdjnbnbnnjnl@gmial.com","auditedUserId":"692d3618a36315955e78b1b3","initialStatus":"USER_REGISTER_ATTEMPT","latestStatus":"REGISTRATION_SUCCESS","level":"info","message":"AUDIT_LOGGED: USER_REGISTER_ATTEMPT - REGISTRATION_SUCCESS - ","requestId":"e25b4240-200f-4165-a4ca-daf647fc6275","timestamp":"2025-12-01T06:30:48.205Z"}
{"durationMs":211.27,"level":"info","message":"HTTP_REQUEST_END","requestId":"e25b4240-200f-4165-a4ca-daf647fc6275","statusCode":201,"timestamp":"2025-12-01T06:30:48.208Z"}
{"ip":"::1","level":"info","message":"HTTP_REQUEST_START","method":"POST","path":"/api/V1/auth/V1/register","requestId":"31356815-1c16-4dd2-8a2f-cda6b4138bcb","timestamp":"2025-12-01T06:30:52.727Z","userAgent":"PostmanRuntime/7.49.1"}
{"attemptCount":2,"auditedEmail":"joknmbhdjnbnbnnjnl@gmial.com","auditedUserId":"692d3618a36315955e78b1b3","initialStatus":"REGISTRATION_SUCCESS","latestStatus":"REGISTRATION_BLOCKED_ALREADY_EXISTS","level":"info","message":"AUDIT_LOGGED: USER_REGISTER_ATTEMPT - REGISTRATION_BLOCKED_ALREADY_EXISTS - ","requestId":"31356815-1c16-4dd2-8a2f-cda6b4138bcb","timestamp":"2025-12-01T06:30:52.734Z"}
{"level":"error","message":"[API_ERROR] 400 - User already Exist with that email","timestamp":"2025-12-01T06:30:52.736Z"}
{"durationMs":9.91,"level":"warn","message":"HTTP_REQUEST_CLIENT_ERROR","requestId":"31356815-1c16-4dd2-8a2f-cda6b4138bcb","statusCode":400,"timestamp":"2025-12-01T06:30:52.738Z"}
{"ip":"::1","level":"info","message":"HTTP_REQUEST_START","method":"POST","path":"/api/V1/auth/V1/register","requestId":"6569ec6f-d698-4ba2-8d2c-d76052c81e7f","timestamp":"2025-12-01T06:34:39.199Z","userAgent":"PostmanRuntime/7.49.1"}
{"attemptCount":3,"auditedEmail":"joknmbhdjnbnbnnjnl@gmial.com","auditedUserId":"692d3618a36315955e78b1b3","initialStatus":"REGISTRATION_BLOCKED_ALREADY_EXISTS","latestStatus":"REGISTRATION_BLOCKED_ALREADY_EXISTS","level":"info","message":"AUDIT_LOGGED: USER_REGISTER_ATTEMPT - REGISTRATION_BLOCKED_ALREADY_EXISTS - ","requestId":"6569ec6f-d698-4ba2-8d2c-d76052c81e7f","timestamp":"2025-12-01T06:34:39.220Z"}
{"level":"error","message":"[API_ERROR] 400 - User already Exist with that email","timestamp":"2025-12-01T06:34:39.221Z"}
{"durationMs":35.19,"level":"warn","message":"HTTP_REQUEST_CLIENT_ERROR","requestId":"6569ec6f-d698-4ba2-8d2c-d76052c81e7f","statusCode":400,"timestamp":"2025-12-01T06:34:39.226Z"}
{"ip":"::1","level":"info","message":"HTTP_REQUEST_START","method":"POST","path":"/api/V1/auth/V1/register","requestId":"8054e6ce-2ec8-4f1e-a0a5-64d7688035b5","timestamp":"2025-12-01T06:35:51.674Z","userAgent":"PostmanRuntime/7.49.1"}
{"attemptCount":1,"auditedEmail":"john@gmial.com","auditedUserId":"692d3747832c89371de7b912","initialStatus":"USER_REGISTER_ATTEMPT","latestStatus":"REGISTRATION_SUCCESS","level":"info","message":"AUDIT_LOGGED: USER_REGISTER_ATTEMPT - REGISTRATION_SUCCESS - ","requestId":"8054e6ce-2ec8-4f1e-a0a5-64d7688035b5","timestamp":"2025-12-01T06:35:51.914Z"}
{"durationMs":242.2,"level":"info","message":"HTTP_REQUEST_END","requestId":"8054e6ce-2ec8-4f1e-a0a5-64d7688035b5","statusCode":201,"timestamp":"2025-12-01T06:35:51.916Z"}
{"ip":"::1","level":"info","message":"HTTP_REQUEST_START","method":"POST","path":"/api/V1/auth/V1/register","requestId":"dcc18b56-2068-49b8-9c3e-aa12e3dede3c","timestamp":"2025-12-01T06:35:52.537Z","userAgent":"PostmanRuntime/7.49.1"}
{"attemptCount":2,"auditedEmail":"john@gmial.com","auditedUserId":"692d3747832c89371de7b912","initialStatus":"REGISTRATION_SUCCESS","latestStatus":"REGISTRATION_BLOCKED_ALREADY_EXISTS","level":"info","message":"AUDIT_LOGGED: USER_REGISTER_ATTEMPT - REGISTRATION_BLOCKED_ALREADY_EXISTS - ","requestId":"dcc18b56-2068-49b8-9c3e-aa12e3dede3c","timestamp":"2025-12-01T06:35:52.547Z"}
{"level":"error","message":"[API_ERROR] 400 - User already Exist with that email","timestamp":"2025-12-01T06:35:52.548Z"}
{"durationMs":12.88,"level":"warn","message":"HTTP_REQUEST_CLIENT_ERROR","requestId":"dcc18b56-2068-49b8-9c3e-aa12e3dede3c","statusCode":400,"timestamp":"2025-12-01T06:35:52.550Z"}
{"ip":"::1","level":"info","message":"HTTP_REQUEST_START","method":"POST","path":"/api/V1/auth/V1/register","requestId":"5dce3a65-6f83-41db-98a9-40b4de3823d9","timestamp":"2025-12-01T06:36:03.451Z","userAgent":"PostmanRuntime/7.49.1"}
{"attemptCount":1,"auditedEmail":"john@gmial.com","auditedUserId":"692d3753832c89371de7b91a","initialStatus":"USER_REGISTER_ATTEMPT","latestStatus":"REGISTRATION_SUCCESS","level":"info","message":"AUDIT_LOGGED: USER_REGISTER_ATTEMPT - REGISTRATION_SUCCESS - ","requestId":"5dce3a65-6f83-41db-98a9-40b4de3823d9","timestamp":"2025-12-01T06:36:03.675Z"}
{"durationMs":224.4,"level":"info","message":"HTTP_REQUEST_END","requestId":"5dce3a65-6f83-41db-98a9-40b4de3823d9","statusCode":201,"timestamp":"2025-12-01T06:36:03.676Z"}
{"ip":"::1","level":"info","message":"HTTP_REQUEST_START","method":"POST","path":"/api/V1/auth/V1/register","requestId":"b668d394-f37e-462e-bd5f-8b5c7668aa08","timestamp":"2025-12-01T06:36:53.002Z","userAgent":"PostmanRuntime/7.49.1"}
{"attemptCount":2,"auditedEmail":"john@gmial.com","auditedUserId":"692d3753832c89371de7b91a","initialStatus":"REGISTRATION_SUCCESS","latestStatus":"REGISTRATION_BLOCKED_ALREADY_EXISTS","level":"info","message":"AUDIT_LOGGED: USER_REGISTER_ATTEMPT - REGISTRATION_BLOCKED_ALREADY_EXISTS - ","requestId":"b668d394-f37e-462e-bd5f-8b5c7668aa08","timestamp":"2025-12-01T06:36:53.011Z"}
{"level":"error","message":"[API_ERROR] 400 - User already Exist with that email","timestamp":"2025-12-01T06:36:53.012Z"}
{"durationMs":12.46,"level":"warn","message":"HTTP_REQUEST_CLIENT_ERROR","requestId":"b668d394-f37e-462e-bd5f-8b5c7668aa08","statusCode":400,"timestamp":"2025-12-01T06:36:53.014Z"}
{"ip":"::1","level":"info","message":"HTTP_REQUEST_START","method":"POST","path":"/api/V1/auth/V1/register","requestId":"bb804d0a-bdb5-4636-9539-27370428021e","timestamp":"2025-12-01T06:38:04.648Z","userAgent":"PostmanRuntime/7.49.1"}
{"attemptCount":3,"auditedEmail":"john@gmial.com","auditedUserId":"692d3753832c89371de7b91a","initialStatus":"REGISTRATION_BLOCKED_ALREADY_EXISTS","latestStatus":"REGISTRATION_BLOCKED_ALREADY_EXISTS","level":"info","message":"AUDIT_LOGGED: USER_REGISTER_ATTEMPT - REGISTRATION_BLOCKED_ALREADY_EXISTS - ","requestId":"bb804d0a-bdb5-4636-9539-27370428021e","timestamp":"2025-12-01T06:38:04.655Z"}
{"level":"error","message":"[API_ERROR] 400 - User already Exist with that email","timestamp":"2025-12-01T06:38:04.656Z"}
{"durationMs":9.67,"level":"warn","message":"HTTP_REQUEST_CLIENT_ERROR","requestId":"bb804d0a-bdb5-4636-9539-27370428021e","statusCode":400,"timestamp":"2025-12-01T06:38:04.658Z"}
{"ip":"::1","level":"info","message":"HTTP_REQUEST_START","method":"POST","path":"/api/V1/auth/V1/register","requestId":"3c3e8f5c-813c-474b-9e3b-f904ba27f123","timestamp":"2025-12-01T06:38:21.174Z","userAgent":"PostmanRuntime/7.49.1"}
{"attemptCount":4,"auditedEmail":"john@gmial.com","auditedUserId":"692d3753832c89371de7b91a","initialStatus":"REGISTRATION_BLOCKED_ALREADY_EXISTS","latestStatus":"REGISTRATION_BLOCKED_ALREADY_EXISTS","level":"info","message":"AUDIT_LOGGED: USER_REGISTER_ATTEMPT - REGISTRATION_BLOCKED_ALREADY_EXISTS - ","requestId":"3c3e8f5c-813c-474b-9e3b-f904ba27f123","timestamp":"2025-12-01T06:38:21.180Z"}
{"level":"error","message":"[API_ERROR] 400 - User already Exist with that email","timestamp":"2025-12-01T06:38:21.181Z"}
{"durationMs":7.68,"level":"warn","message":"HTTP_REQUEST_CLIENT_ERROR","requestId":"3c3e8f5c-813c-474b-9e3b-f904ba27f123","statusCode":400,"timestamp":"2025-12-01T06:38:21.182Z"}
{"ip":"::1","level":"info","message":"HTTP_REQUEST_START","method":"POST","path":"/api/V1/auth/V1/register","requestId":"a2ccd306-f466-4b03-98ef-7e08d0df0cd0","timestamp":"2025-12-01T06:39:46.083Z","userAgent":"PostmanRuntime/7.49.1"}
{"attemptCount":1,"auditedEmail":"jobhn@gmial.com","auditedUserId":"692d3832f9f92b1ed8523d68","initialStatus":"PENDING","latestStatus":"REGISTRATION_SUCCESS","level":"info","message":"AUDIT_LOGGED: USER_REGISTER_ATTEMPT - REGISTRATION_SUCCESS - ","requestId":"a2ccd306-f466-4b03-98ef-7e08d0df0cd0","timestamp":"2025-12-01T06:39:46.336Z"}
{"durationMs":258.25,"level":"info","message":"HTTP_REQUEST_END","requestId":"a2ccd306-f466-4b03-98ef-7e08d0df0cd0","statusCode":201,"timestamp":"2025-12-01T06:39:46.340Z"}
{"ip":"::1","level":"info","message":"HTTP_REQUEST_START","method":"POST","path":"/api/V1/auth/V1/register","requestId":"7c0b25fc-195c-497a-9a68-18749f0756ca","timestamp":"2025-12-01T06:39:59.322Z","userAgent":"PostmanRuntime/7.49.1"}
{"attemptCount":2,"auditedEmail":"jobhn@gmial.com","auditedUserId":"692d3832f9f92b1ed8523d68","initialStatus":"REGISTRATION_SUCCESS","latestStatus":"REGISTRATION_BLOCKED_ALREADY_EXISTS","level":"info","message":"AUDIT_LOGGED: USER_REGISTER_ATTEMPT - REGISTRATION_BLOCKED_ALREADY_EXISTS - ","requestId":"7c0b25fc-195c-497a-9a68-18749f0756ca","timestamp":"2025-12-01T06:39:59.333Z"}
{"level":"error","message":"[API_ERROR] 400 - User already Exist with that email","timestamp":"2025-12-01T06:39:59.334Z"}
{"durationMs":14.39,"level":"warn","message":"HTTP_REQUEST_CLIENT_ERROR","requestId":"7c0b25fc-195c-497a-9a68-18749f0756ca","statusCode":400,"timestamp":"2025-12-01T06:39:59.336Z"}
