{"level":"info","message":"🚀 Server running on port 4000","timestamp":"2025-12-12T01:07:23.273Z"}
{"level":"info","message":"MongoDB connected successfully","timestamp":"2025-12-12T01:07:23.311Z"}
{"ip":"::1","level":"info","message":"HTTP_REQUEST_START","method":"POST","path":"/api/V1/auth/login","requestId":"daf3f5e8-06b6-4f14-8a07-ede89a61ec3a","timestamp":"2025-12-12T01:11:15.878Z","userAgent":"PostmanRuntime/7.49.1"}
{"attemptCount":1,"auditedEmail":"joBhnm@gmial.com","auditedUserId":"6932159c4cc6acc97ba143f7","initialStatus":"PENDING","latestStatus":"LOGIN_SUCCESS","level":"info","message":"AUDIT_LOGGED: USER_LOGIN_ATTEMPT - LOGIN_SUCCESS - ","requestId":"daf3f5e8-06b6-4f14-8a07-ede89a61ec3a","timestamp":"2025-12-12T01:11:16.205Z"}
{"durationMs":356.29,"level":"info","message":"HTTP_REQUEST_END","requestId":"daf3f5e8-06b6-4f14-8a07-ede89a61ec3a","statusCode":200,"timestamp":"2025-12-12T01:11:16.233Z"}
{"ip":"::1","level":"info","message":"HTTP_REQUEST_START","method":"POST","path":"/api/V1/auth/logout","requestId":"f6add52f-604f-4227-93be-f68738fa16dc","timestamp":"2025-12-12T01:12:37.967Z","userAgent":"PostmanRuntime/7.49.1"}
{"level":"error","message":"[API_ERROR] 401 - Unauthorize","timestamp":"2025-12-12T01:12:37.974Z"}
{"durationMs":10.14,"level":"warn","message":"HTTP_REQUEST_CLIENT_ERROR","requestId":"f6add52f-604f-4227-93be-f68738fa16dc","statusCode":401,"timestamp":"2025-12-12T01:12:37.977Z"}
{"ip":"::1","level":"info","message":"HTTP_REQUEST_START","method":"POST","path":"/api/V1/auth/logout","requestId":"97cf51ab-8057-4d55-8d55-03cc16ad0e11","timestamp":"2025-12-12T01:13:13.694Z","userAgent":"PostmanRuntime/7.49.1"}
{"level":"error","message":"[API_ERROR] 401 - Unauthorize","timestamp":"2025-12-12T01:13:13.697Z"}
{"durationMs":4.87,"level":"warn","message":"HTTP_REQUEST_CLIENT_ERROR","requestId":"97cf51ab-8057-4d55-8d55-03cc16ad0e11","statusCode":401,"timestamp":"2025-12-12T01:13:13.699Z"}
{"ip":"::1","level":"info","message":"HTTP_REQUEST_START","method":"POST","path":"/api/V1/auth/logout","requestId":"48e59e5b-9719-4f7d-b947-a97777db0fc2","timestamp":"2025-12-12T01:13:37.265Z","userAgent":"PostmanRuntime/7.49.1"}
{"level":"error","message":"[API_ERROR] 401 - Unauthorize","timestamp":"2025-12-12T01:13:37.267Z"}
{"durationMs":3.11,"level":"warn","message":"HTTP_REQUEST_CLIENT_ERROR","requestId":"48e59e5b-9719-4f7d-b947-a97777db0fc2","statusCode":401,"timestamp":"2025-12-12T01:13:37.268Z"}
{"ip":"::1","level":"info","message":"HTTP_REQUEST_START","method":"POST","path":"/api/V1/auth/register","requestId":"b6b0902c-40fe-4bf2-8dd7-4f50f3334277","timestamp":"2025-12-12T01:13:48.206Z","userAgent":"PostmanRuntime/7.49.1"}
{"attemptCount":3,"auditedEmail":"jobhnm@gmial.com","auditedUserId":"6932159c4cc6acc97ba143f7","initialStatus":"REGISTRATION_SUCCESS","latestStatus":"REGISTRATION_BLOCKED_ALREADY_EXISTS","level":"info","message":"AUDIT_LOGGED: USER_REGISTER_ATTEMPT - REGISTRATION_BLOCKED_ALREADY_EXISTS - ","requestId":"b6b0902c-40fe-4bf2-8dd7-4f50f3334277","timestamp":"2025-12-12T01:13:48.230Z"}
{"level":"error","message":"[API_ERROR] 400 - User already Exist with that email","timestamp":"2025-12-12T01:13:48.231Z"}
{"durationMs":26.56,"level":"warn","message":"HTTP_REQUEST_CLIENT_ERROR","requestId":"b6b0902c-40fe-4bf2-8dd7-4f50f3334277","statusCode":400,"timestamp":"2025-12-12T01:13:48.232Z"}
{"ip":"::1","level":"info","message":"HTTP_REQUEST_START","method":"POST","path":"/api/V1/auth/register","requestId":"8d3fc7cf-ca8a-4b32-b4ee-5910c095abac","timestamp":"2025-12-12T01:13:57.087Z","userAgent":"PostmanRuntime/7.49.1"}
{"attemptCount":1,"auditedEmail":"jobhnbm@gmial.com","auditedUserId":"693b6c55831de452982f2582","initialStatus":"PENDING","latestStatus":"REGISTRATION_SUCCESS","level":"info","message":"AUDIT_LOGGED: USER_REGISTER_ATTEMPT - REGISTRATION_SUCCESS - ","requestId":"8d3fc7cf-ca8a-4b32-b4ee-5910c095abac","timestamp":"2025-12-12T01:13:57.339Z"}
{"durationMs":253.41,"level":"info","message":"HTTP_REQUEST_END","requestId":"8d3fc7cf-ca8a-4b32-b4ee-5910c095abac","statusCode":201,"timestamp":"2025-12-12T01:13:57.340Z"}
{"ip":"::1","level":"info","message":"HTTP_REQUEST_START","method":"POST","path":"/api/V1/auth/logout","requestId":"4a890542-283f-44f4-b183-f9ba835f287b","timestamp":"2025-12-12T01:14:32.674Z","userAgent":"PostmanRuntime/7.49.1"}
{"level":"error","message":"[API_ERROR] 401 - Unauthorize","timestamp":"2025-12-12T01:14:32.675Z"}
{"durationMs":2.97,"level":"warn","message":"HTTP_REQUEST_CLIENT_ERROR","requestId":"4a890542-283f-44f4-b183-f9ba835f287b","statusCode":401,"timestamp":"2025-12-12T01:14:32.677Z"}
{"ip":"::1","level":"info","message":"HTTP_REQUEST_START","method":"POST","path":"/api/V1/auth/logout","requestId":"beb3d54a-7f7b-4c27-bc2d-99dd42db9799","timestamp":"2025-12-12T01:14:38.842Z","userAgent":"PostmanRuntime/7.49.1"}
{"level":"error","message":"[API_ERROR] 401 - Unauthorize","timestamp":"2025-12-12T01:14:38.843Z"}
{"durationMs":3.07,"level":"warn","message":"HTTP_REQUEST_CLIENT_ERROR","requestId":"beb3d54a-7f7b-4c27-bc2d-99dd42db9799","statusCode":401,"timestamp":"2025-12-12T01:14:38.845Z"}
{"level":"info","message":"🚀 Server running on port 4000","timestamp":"2025-12-12T01:17:46.349Z"}
{"level":"info","message":"MongoDB connected successfully","timestamp":"2025-12-12T01:17:46.380Z"}
{"level":"info","message":"🚀 Server running on port 4000","timestamp":"2025-12-12T01:18:09.462Z"}
{"level":"info","message":"MongoDB connected successfully","timestamp":"2025-12-12T01:18:09.501Z"}
{"level":"info","message":"🚀 Server running on port 4000","timestamp":"2025-12-12T01:22:52.175Z"}
{"level":"info","message":"MongoDB connected successfully","timestamp":"2025-12-12T01:22:52.205Z"}
{"ip":"::1","level":"info","message":"HTTP_REQUEST_START","method":"POST","path":"/api/V1/auth/register","requestId":"23195516-9787-4e5c-a189-62ac1ca4c202","timestamp":"2025-12-12T01:27:19.431Z","userAgent":"PostmanRuntime/7.49.1"}
{"attemptCount":2,"auditedEmail":"jobhnbm@gmial.com","auditedUserId":"693b6f77372eb9e12000cc28","initialStatus":"REGISTRATION_SUCCESS","latestStatus":"REGISTRATION_SUCCESS","level":"info","message":"AUDIT_LOGGED: USER_REGISTER_ATTEMPT - REGISTRATION_SUCCESS - ","requestId":"23195516-9787-4e5c-a189-62ac1ca4c202","timestamp":"2025-12-12T01:27:19.715Z"}
{"durationMs":290.12,"level":"info","message":"HTTP_REQUEST_END","requestId":"23195516-9787-4e5c-a189-62ac1ca4c202","statusCode":201,"timestamp":"2025-12-12T01:27:19.720Z"}
{"ip":"::1","level":"info","message":"HTTP_REQUEST_START","method":"POST","path":"/api/V1/auth/logout","requestId":"c4d73be2-c0ae-467c-899c-5d796ffd2574","timestamp":"2025-12-12T01:28:01.250Z","userAgent":"PostmanRuntime/7.49.1"}
{"level":"error","message":"[API_ERROR] 401 - Unauthorize","timestamp":"2025-12-12T01:28:01.254Z"}
{"durationMs":4.57,"level":"warn","message":"HTTP_REQUEST_CLIENT_ERROR","requestId":"c4d73be2-c0ae-467c-899c-5d796ffd2574","statusCode":401,"timestamp":"2025-12-12T01:28:01.255Z"}
{"ip":"::1","level":"info","message":"HTTP_REQUEST_START","method":"POST","path":"/api/V1/auth/logout","requestId":"d9191e69-0c6d-4e25-adf7-2ab2ec1bd65d","timestamp":"2025-12-12T01:28:16.867Z","userAgent":"PostmanRuntime/7.49.1"}
{"attemptCount":1,"auditedEmail":"jobhnbm@gmial.com","auditedUserId":"693b6f77372eb9e12000cc28","initialStatus":"PENDING","latestStatus":"COMPLETED","level":"info","message":"AUDIT_LOGGED: USER_LOGOUT - COMPLETED - ","requestId":"d9191e69-0c6d-4e25-adf7-2ab2ec1bd65d","timestamp":"2025-12-12T01:28:16.887Z"}
{"durationMs":20.23,"level":"info","message":"HTTP_REQUEST_END","requestId":"d9191e69-0c6d-4e25-adf7-2ab2ec1bd65d","statusCode":200,"timestamp":"2025-12-12T01:28:16.887Z"}
{"ip":"::1","level":"info","message":"HTTP_REQUEST_START","method":"POST","path":"/api/V1/auth/login","requestId":"3dde7a20-8a1a-4bc9-a44c-f014aabaed48","timestamp":"2025-12-12T01:29:18.214Z","userAgent":"PostmanRuntime/7.49.1"}
{"attemptCount":1,"auditedEmail":"joBhnbm@gmial.com","auditedUserId":"693b6f77372eb9e12000cc28","initialStatus":"PENDING","latestStatus":"LOGIN_SUCCESS","level":"info","message":"AUDIT_LOGGED: USER_LOGIN_ATTEMPT - LOGIN_SUCCESS - ","requestId":"3dde7a20-8a1a-4bc9-a44c-f014aabaed48","timestamp":"2025-12-12T01:29:18.412Z"}
{"durationMs":202.83,"level":"info","message":"HTTP_REQUEST_END","requestId":"3dde7a20-8a1a-4bc9-a44c-f014aabaed48","statusCode":200,"timestamp":"2025-12-12T01:29:18.417Z"}
{"ip":"::1","level":"info","message":"HTTP_REQUEST_START","method":"POST","path":"/api/V1/auth/logout","requestId":"2f5cdb9a-cd64-405e-9aad-070963b4b508","timestamp":"2025-12-12T01:29:38.419Z","userAgent":"PostmanRuntime/7.49.1"}
{"attemptCount":2,"auditedEmail":"jobhnbm@gmial.com","auditedUserId":"693b6f77372eb9e12000cc28","initialStatus":"COMPLETED","latestStatus":"COMPLETED","level":"info","message":"AUDIT_LOGGED: USER_LOGOUT - COMPLETED - ","requestId":"2f5cdb9a-cd64-405e-9aad-070963b4b508","timestamp":"2025-12-12T01:29:38.431Z"}
{"durationMs":13.88,"level":"info","message":"HTTP_REQUEST_END","requestId":"2f5cdb9a-cd64-405e-9aad-070963b4b508","statusCode":200,"timestamp":"2025-12-12T01:29:38.433Z"}
{"level":"info","message":"🚀 Server running on port 4000","timestamp":"2025-12-12T01:43:09.957Z"}
{"level":"info","message":"MongoDB connected successfully","timestamp":"2025-12-12T01:43:09.992Z"}
{"level":"info","message":"🚀 Server running on port 4000","timestamp":"2025-12-12T01:44:22.509Z"}
{"level":"info","message":"MongoDB connected successfully","timestamp":"2025-12-12T01:44:22.542Z"}
{"level":"info","message":"🚀 Server running on port 4000","timestamp":"2025-12-12T01:45:21.225Z"}
{"level":"info","message":"MongoDB connected successfully","timestamp":"2025-12-12T01:45:21.257Z"}
{"level":"info","message":"🚀 Server running on port 4000","timestamp":"2025-12-12T01:45:29.591Z"}
{"level":"info","message":"MongoDB connected successfully","timestamp":"2025-12-12T01:45:29.620Z"}
{"level":"info","message":"🚀 Server running on port 4000","timestamp":"2025-12-12T01:45:35.145Z"}
{"level":"info","message":"MongoDB connected successfully","timestamp":"2025-12-12T01:45:35.177Z"}
{"level":"info","message":"🚀 Server running on port 4000","timestamp":"2025-12-12T01:45:41.411Z"}
{"level":"info","message":"MongoDB connected successfully","timestamp":"2025-12-12T01:45:41.441Z"}
{"level":"info","message":"🚀 Server running on port 4000","timestamp":"2025-12-12T01:46:12.700Z"}
{"level":"info","message":"MongoDB connected successfully","timestamp":"2025-12-12T01:46:12.730Z"}
{"level":"info","message":"🚀 Server running on port 4000","timestamp":"2025-12-12T01:47:51.398Z"}
{"level":"info","message":"MongoDB connected successfully","timestamp":"2025-12-12T01:47:51.428Z"}
{"level":"info","message":"🚀 Server running on port 4000","timestamp":"2025-12-12T01:47:57.840Z"}
{"level":"info","message":"MongoDB connected successfully","timestamp":"2025-12-12T01:47:57.870Z"}
{"level":"info","message":"🚀 Server running on port 4000","timestamp":"2025-12-12T01:49:49.211Z"}
{"level":"info","message":"MongoDB connected successfully","timestamp":"2025-12-12T01:49:49.252Z"}
{"level":"info","message":"🚀 Server running on port 4000","timestamp":"2025-12-12T01:50:17.344Z"}
{"level":"info","message":"MongoDB connected successfully","timestamp":"2025-12-12T01:50:17.374Z"}
{"level":"info","message":"🚀 Server running on port 4000","timestamp":"2025-12-12T01:51:10.534Z"}
{"level":"info","message":"MongoDB connected successfully","timestamp":"2025-12-12T01:51:10.576Z"}
{"level":"info","message":"🚀 Server running on port 4000","timestamp":"2025-12-12T01:53:44.123Z"}
{"level":"info","message":"MongoDB connected successfully","timestamp":"2025-12-12T01:53:44.154Z"}
{"ip":"::1","level":"info","message":"HTTP_REQUEST_START","method":"POST","path":"/api/V1/auth/login","requestId":"6f79f34e-cd76-476d-ab6d-7614955d74e0","timestamp":"2025-12-12T01:54:40.350Z","userAgent":"PostmanRuntime/7.49.1"}
{"attemptCount":2,"auditedEmail":"joBhnbm@gmial.com","auditedUserId":"693b6f77372eb9e12000cc28","initialStatus":"LOGIN_SUCCESS","latestStatus":"LOGIN_SUCCESS","level":"info","message":"AUDIT_LOGGED: USER_LOGIN_ATTEMPT - LOGIN_SUCCESS - ","requestId":"6f79f34e-cd76-476d-ab6d-7614955d74e0","timestamp":"2025-12-12T01:54:40.591Z"}
{"durationMs":256.85,"level":"info","message":"HTTP_REQUEST_END","requestId":"6f79f34e-cd76-476d-ab6d-7614955d74e0","statusCode":200,"timestamp":"2025-12-12T01:54:40.606Z"}
{"ip":"::1","level":"info","message":"HTTP_REQUEST_START","method":"POST","path":"/api/V1/auth/logout","requestId":"8f4152ba-72a3-45ab-af77-e45af37efcf0","timestamp":"2025-12-12T01:55:04.565Z","userAgent":"PostmanRuntime/7.49.1"}
{"attemptCount":3,"auditedEmail":"jobhnbm@gmial.com","auditedUserId":"693b6f77372eb9e12000cc28","initialStatus":"COMPLETED","latestStatus":"COMPLETED","level":"info","message":"AUDIT_LOGGED: USER_LOGOUT - COMPLETED - ","requestId":"8f4152ba-72a3-45ab-af77-e45af37efcf0","timestamp":"2025-12-12T01:55:04.583Z"}
{"durationMs":18.97,"level":"info","message":"HTTP_REQUEST_END","requestId":"8f4152ba-72a3-45ab-af77-e45af37efcf0","statusCode":200,"timestamp":"2025-12-12T01:55:04.584Z"}
{"ip":"::1","level":"info","message":"HTTP_REQUEST_START","method":"POST","path":"/api/V1/auth/logout","requestId":"45923883-97e1-43b3-a67d-1698478ac64b","timestamp":"2025-12-12T01:55:16.227Z","userAgent":"PostmanRuntime/7.49.1"}
{"attemptCount":4,"auditedEmail":"jobhnbm@gmial.com","auditedUserId":"693b6f77372eb9e12000cc28","initialStatus":"COMPLETED","latestStatus":"COMPLETED","level":"info","message":"AUDIT_LOGGED: USER_LOGOUT - COMPLETED - ","requestId":"45923883-97e1-43b3-a67d-1698478ac64b","timestamp":"2025-12-12T01:55:16.240Z"}
{"durationMs":13.78,"level":"info","message":"HTTP_REQUEST_END","requestId":"45923883-97e1-43b3-a67d-1698478ac64b","statusCode":200,"timestamp":"2025-12-12T01:55:16.241Z"}
{"level":"info","message":"🚀 Server running on port 4000","timestamp":"2025-12-12T01:55:44.123Z"}
{"level":"info","message":"MongoDB connected successfully","timestamp":"2025-12-12T01:55:44.155Z"}
{"level":"info","message":"🚀 Server running on port 4000","timestamp":"2025-12-12T01:55:48.414Z"}
{"level":"info","message":"MongoDB connected successfully","timestamp":"2025-12-12T01:55:48.444Z"}
{"level":"info","message":"🚀 Server running on port 4000","timestamp":"2025-12-12T01:56:00.525Z"}
{"level":"info","message":"MongoDB connected successfully","timestamp":"2025-12-12T01:56:00.555Z"}
{"level":"info","message":"🚀 Server running on port 4000","timestamp":"2025-12-12T01:56:39.851Z"}
{"level":"info","message":"MongoDB connected successfully","timestamp":"2025-12-12T01:56:39.883Z"}
{"level":"info","message":"🚀 Server running on port 4000","timestamp":"2025-12-12T01:56:43.825Z"}
{"level":"info","message":"MongoDB connected successfully","timestamp":"2025-12-12T01:56:43.855Z"}
{"ip":"::1","level":"info","message":"HTTP_REQUEST_START","method":"POST","path":"/api/V1/auth/logout","requestId":"cb9ca8c8-eb44-4acf-a38c-4b7acaa8075e","timestamp":"2025-12-12T01:57:01.630Z","userAgent":"PostmanRuntime/7.49.1"}
{"attemptCount":5,"auditedEmail":"jobhnbm@gmial.com","auditedUserId":"693b6f77372eb9e12000cc28","initialStatus":"COMPLETED","latestStatus":"COMPLETED","level":"info","message":"AUDIT_LOGGED: USER_LOGOUT - COMPLETED - ","requestId":"cb9ca8c8-eb44-4acf-a38c-4b7acaa8075e","timestamp":"2025-12-12T01:57:01.660Z"}
{"durationMs":34.72,"level":"info","message":"HTTP_REQUEST_END","requestId":"cb9ca8c8-eb44-4acf-a38c-4b7acaa8075e","statusCode":200,"timestamp":"2025-12-12T01:57:01.664Z"}
{"level":"info","message":"🚀 Server running on port 4000","timestamp":"2025-12-12T01:57:56.624Z"}
{"level":"info","message":"MongoDB connected successfully","timestamp":"2025-12-12T01:57:56.659Z"}
{"ip":"::1","level":"info","message":"HTTP_REQUEST_START","method":"POST","path":"/api/V1/auth/logout","requestId":"a75e30b3-dfcd-4d25-8887-9616eb6e86b3","timestamp":"2025-12-12T01:58:00.140Z","userAgent":"PostmanRuntime/7.49.1"}
{"attemptCount":6,"auditedEmail":"jobhnbm@gmial.com","auditedUserId":"693b6f77372eb9e12000cc28","initialStatus":"COMPLETED","latestStatus":"COMPLETED","level":"info","message":"AUDIT_LOGGED: USER_LOGOUT - COMPLETED - ","requestId":"a75e30b3-dfcd-4d25-8887-9616eb6e86b3","timestamp":"2025-12-12T01:58:00.173Z"}
{"durationMs":36.67,"level":"info","message":"HTTP_REQUEST_END","requestId":"a75e30b3-dfcd-4d25-8887-9616eb6e86b3","statusCode":200,"timestamp":"2025-12-12T01:58:00.176Z"}
{"level":"info","message":"🚀 Server running on port 4000","timestamp":"2025-12-12T01:58:38.148Z"}
{"level":"info","message":"MongoDB connected successfully","timestamp":"2025-12-12T01:58:38.179Z"}
{"level":"info","message":"🚀 Server running on port 4000","timestamp":"2025-12-12T01:58:42.861Z"}
{"level":"info","message":"MongoDB connected successfully","timestamp":"2025-12-12T01:58:42.895Z"}
{"ip":"::1","level":"info","message":"HTTP_REQUEST_START","method":"POST","path":"/api/V1/auth/logout","requestId":"2d36777a-ff23-49e8-8c94-7ce755e3dee6","timestamp":"2025-12-12T01:58:46.873Z","userAgent":"PostmanRuntime/7.49.1"}
{"attemptCount":7,"auditedEmail":"jobhnbm@gmial.com","auditedUserId":"693b6f77372eb9e12000cc28","initialStatus":"COMPLETED","latestStatus":"COMPLETED","level":"info","message":"AUDIT_LOGGED: USER_LOGOUT - COMPLETED - ","requestId":"2d36777a-ff23-49e8-8c94-7ce755e3dee6","timestamp":"2025-12-12T01:58:46.908Z"}
{"durationMs":39.76,"level":"info","message":"HTTP_REQUEST_END","requestId":"2d36777a-ff23-49e8-8c94-7ce755e3dee6","statusCode":200,"timestamp":"2025-12-12T01:58:46.912Z"}
{"level":"info","message":"🚀 Server running on port 4000","timestamp":"2025-12-12T02:00:36.797Z"}
{"level":"info","message":"MongoDB connected successfully","timestamp":"2025-12-12T02:00:36.825Z"}
{"ip":"::1","level":"info","message":"HTTP_REQUEST_START","method":"POST","path":"/api/V1/auth/logout","requestId":"66c54b88-8386-4a34-9962-79231c18265c","timestamp":"2025-12-12T02:00:47.172Z","userAgent":"PostmanRuntime/7.49.1"}
{"attemptCount":8,"auditedEmail":"jobhnbm@gmial.com","auditedUserId":"693b6f77372eb9e12000cc28","initialStatus":"COMPLETED","latestStatus":"COMPLETED","level":"info","message":"AUDIT_LOGGED: USER_LOGOUT - COMPLETED - ","requestId":"66c54b88-8386-4a34-9962-79231c18265c","timestamp":"2025-12-12T02:00:47.203Z"}
{"durationMs":35.41,"level":"info","message":"HTTP_REQUEST_END","requestId":"66c54b88-8386-4a34-9962-79231c18265c","statusCode":200,"timestamp":"2025-12-12T02:00:47.207Z"}
{"ip":"::1","level":"info","message":"HTTP_REQUEST_START","method":"POST","path":"/api/V1/auth/login","requestId":"e1ae9ed6-9e66-406b-bc25-34a71d91b864","timestamp":"2025-12-12T02:01:35.743Z","userAgent":"PostmanRuntime/7.49.1"}
{"attemptCount":3,"auditedEmail":"joBhnbm@gmial.com","auditedUserId":"693b6f77372eb9e12000cc28","initialStatus":"LOGIN_SUCCESS","latestStatus":"LOGIN_SUCCESS","level":"info","message":"AUDIT_LOGGED: USER_LOGIN_ATTEMPT - LOGIN_SUCCESS - ","requestId":"e1ae9ed6-9e66-406b-bc25-34a71d91b864","timestamp":"2025-12-12T02:01:35.958Z"}
{"durationMs":221.92,"level":"info","message":"HTTP_REQUEST_END","requestId":"e1ae9ed6-9e66-406b-bc25-34a71d91b864","statusCode":200,"timestamp":"2025-12-12T02:01:35.965Z"}
{"ip":"::1","level":"info","message":"HTTP_REQUEST_START","method":"POST","path":"/api/V1/auth/logout","requestId":"ca666888-5ace-4811-a29a-71f4ba44cc7a","timestamp":"2025-12-12T02:01:48.266Z","userAgent":"PostmanRuntime/7.49.1"}
{"attemptCount":9,"auditedEmail":"jobhnbm@gmial.com","auditedUserId":"693b6f77372eb9e12000cc28","initialStatus":"COMPLETED","latestStatus":"COMPLETED","level":"info","message":"AUDIT_LOGGED: USER_LOGOUT - COMPLETED - ","requestId":"ca666888-5ace-4811-a29a-71f4ba44cc7a","timestamp":"2025-12-12T02:01:48.278Z"}
{"durationMs":12.92,"level":"info","message":"HTTP_REQUEST_END","requestId":"ca666888-5ace-4811-a29a-71f4ba44cc7a","statusCode":200,"timestamp":"2025-12-12T02:01:48.279Z"}
{"ip":"::1","level":"info","message":"HTTP_REQUEST_START","method":"POST","path":"/api/V1/auth/login","requestId":"de83366c-6219-4cb1-b219-f4f94c9fd5c4","timestamp":"2025-12-12T02:02:32.598Z","userAgent":"PostmanRuntime/7.49.1"}
{"attemptCount":4,"auditedEmail":"joBhnbm@gmial.com","auditedUserId":"693b6f77372eb9e12000cc28","initialStatus":"LOGIN_SUCCESS","latestStatus":"LOGIN_SUCCESS","level":"info","message":"AUDIT_LOGGED: USER_LOGIN_ATTEMPT - LOGIN_SUCCESS - ","requestId":"de83366c-6219-4cb1-b219-f4f94c9fd5c4","timestamp":"2025-12-12T02:02:32.826Z"}
{"durationMs":232.69,"level":"info","message":"HTTP_REQUEST_END","requestId":"de83366c-6219-4cb1-b219-f4f94c9fd5c4","statusCode":200,"timestamp":"2025-12-12T02:02:32.830Z"}
{"ip":"::1","level":"info","message":"HTTP_REQUEST_START","method":"POST","path":"/api/V1/auth/logout","requestId":"979448cd-b39a-4740-81a8-8331c3d17129","timestamp":"2025-12-12T02:02:55.462Z","userAgent":"PostmanRuntime/7.49.1"}
{"attemptCount":10,"auditedEmail":"jobhnbm@gmial.com","auditedUserId":"693b6f77372eb9e12000cc28","initialStatus":"COMPLETED","latestStatus":"COMPLETED","level":"info","message":"AUDIT_LOGGED: USER_LOGOUT - COMPLETED - ","requestId":"979448cd-b39a-4740-81a8-8331c3d17129","timestamp":"2025-12-12T02:02:55.473Z"}
{"durationMs":12.52,"level":"info","message":"HTTP_REQUEST_END","requestId":"979448cd-b39a-4740-81a8-8331c3d17129","statusCode":200,"timestamp":"2025-12-12T02:02:55.474Z"}
{"level":"info","message":"🚀 Server running on port 4000","timestamp":"2025-12-12T02:03:53.985Z"}
{"level":"info","message":"MongoDB connected successfully","timestamp":"2025-12-12T02:03:54.021Z"}
{"level":"info","message":"🚀 Server running on port 4000","timestamp":"2025-12-12T02:03:59.008Z"}
{"level":"info","message":"MongoDB connected successfully","timestamp":"2025-12-12T02:03:59.039Z"}
{"ip":"::1","level":"info","message":"HTTP_REQUEST_START","method":"POST","path":"/api/V1/auth/logout","requestId":"8c439ce4-fe94-45cd-a7bd-c1f93adef931","timestamp":"2025-12-12T02:04:07.326Z","userAgent":"PostmanRuntime/7.49.1"}
{"attemptCount":11,"auditedEmail":"jobhnbm@gmial.com","auditedUserId":"693b6f77372eb9e12000cc28","initialStatus":"COMPLETED","latestStatus":"COMPLETED","level":"info","message":"AUDIT_LOGGED: USER_LOGOUT - COMPLETED - ","requestId":"8c439ce4-fe94-45cd-a7bd-c1f93adef931","timestamp":"2025-12-12T02:04:07.361Z"}
{"durationMs":40.68,"level":"info","message":"HTTP_REQUEST_END","requestId":"8c439ce4-fe94-45cd-a7bd-c1f93adef931","statusCode":200,"timestamp":"2025-12-12T02:04:07.366Z"}
{"level":"info","message":"🚀 Server running on port 4000","timestamp":"2025-12-12T02:14:26.445Z"}
{"level":"info","message":"MongoDB connected successfully","timestamp":"2025-12-12T02:14:26.478Z"}
{"level":"info","message":"🚀 Server running on port 4000","timestamp":"2025-12-12T02:14:30.792Z"}
{"level":"info","message":"MongoDB connected successfully","timestamp":"2025-12-12T02:14:30.822Z"}
{"ip":"::1","level":"info","message":"HTTP_REQUEST_START","method":"POST","path":"/api/V1/auth/logout","requestId":"b55b9a64-40d9-4422-9008-2d571b869dfe","timestamp":"2025-12-12T02:14:33.132Z","userAgent":"PostmanRuntime/7.49.1"}
{"attemptCount":1,"auditedEmail":"","auditedUserId":null,"initialStatus":"PENDING","latestStatus":"COMPLETED","level":"info","message":"AUDIT_LOGGED: USER_LOGOUT - COMPLETED - ","requestId":"b55b9a64-40d9-4422-9008-2d571b869dfe","timestamp":"2025-12-12T02:14:33.157Z"}
{"durationMs":30.03,"level":"info","message":"HTTP_REQUEST_END","requestId":"b55b9a64-40d9-4422-9008-2d571b869dfe","statusCode":200,"timestamp":"2025-12-12T02:14:33.161Z"}
{"ip":"::1","level":"info","message":"HTTP_REQUEST_START","method":"POST","path":"/api/V1/auth/register","requestId":"3cd665b2-fb4b-44e0-85f4-27d4b549402c","timestamp":"2025-12-12T02:14:58.511Z","userAgent":"PostmanRuntime/7.49.1"}
{"attemptCount":3,"auditedEmail":"jobhnbm@gmial.com","auditedUserId":"693b6f77372eb9e12000cc28","initialStatus":"REGISTRATION_SUCCESS","latestStatus":"REGISTRATION_BLOCKED_ALREADY_EXISTS","level":"info","message":"AUDIT_LOGGED: USER_REGISTER_ATTEMPT - REGISTRATION_BLOCKED_ALREADY_EXISTS - ","requestId":"3cd665b2-fb4b-44e0-85f4-27d4b549402c","timestamp":"2025-12-12T02:14:58.524Z"}
{"level":"error","message":"[API_ERROR] 400 - User already Exist with that email","timestamp":"2025-12-12T02:14:58.526Z"}
{"durationMs":16.9,"level":"warn","message":"HTTP_REQUEST_CLIENT_ERROR","requestId":"3cd665b2-fb4b-44e0-85f4-27d4b549402c","statusCode":400,"timestamp":"2025-12-12T02:14:58.528Z"}
{"ip":"::1","level":"info","message":"HTTP_REQUEST_START","method":"POST","path":"/api/V1/auth/register","requestId":"3e014fe8-9dbf-4d1a-9988-580f56b894fa","timestamp":"2025-12-12T02:15:05.117Z","userAgent":"PostmanRuntime/7.49.1"}
{"attemptCount":1,"auditedEmail":"n@gmial.com","auditedUserId":"693b7aa97ef6ac088915418e","initialStatus":"PENDING","latestStatus":"REGISTRATION_SUCCESS","level":"info","message":"AUDIT_LOGGED: USER_REGISTER_ATTEMPT - REGISTRATION_SUCCESS - ","requestId":"3e014fe8-9dbf-4d1a-9988-580f56b894fa","timestamp":"2025-12-12T02:15:05.333Z"}
{"durationMs":217.98,"level":"info","message":"HTTP_REQUEST_END","requestId":"3e014fe8-9dbf-4d1a-9988-580f56b894fa","statusCode":201,"timestamp":"2025-12-12T02:15:05.335Z"}
{"ip":"::1","level":"info","message":"HTTP_REQUEST_START","method":"POST","path":"/api/V1/auth/logout","requestId":"0e08448b-8776-4da0-aa57-ec9b340ae266","timestamp":"2025-12-12T02:15:17.650Z","userAgent":"PostmanRuntime/7.49.1"}
{"attemptCount":2,"auditedEmail":"","auditedUserId":null,"initialStatus":"COMPLETED","latestStatus":"COMPLETED","level":"info","message":"AUDIT_LOGGED: USER_LOGOUT - COMPLETED - ","requestId":"0e08448b-8776-4da0-aa57-ec9b340ae266","timestamp":"2025-12-12T02:15:17.657Z"}
{"durationMs":8.23,"level":"info","message":"HTTP_REQUEST_END","requestId":"0e08448b-8776-4da0-aa57-ec9b340ae266","statusCode":200,"timestamp":"2025-12-12T02:15:17.658Z"}
{"level":"info","message":"🚀 Server running on port 4000","timestamp":"2025-12-12T02:15:56.610Z"}
{"level":"info","message":"MongoDB connected successfully","timestamp":"2025-12-12T02:15:56.640Z"}
{"level":"info","message":"🚀 Server running on port 4000","timestamp":"2025-12-12T02:16:03.600Z"}
{"level":"info","message":"MongoDB connected successfully","timestamp":"2025-12-12T02:16:03.636Z"}
{"level":"info","message":"🚀 Server running on port 4000","timestamp":"2025-12-12T02:16:07.407Z"}
{"level":"info","message":"MongoDB connected successfully","timestamp":"2025-12-12T02:16:07.438Z"}
{"level":"info","message":"🚀 Server running on port 4000","timestamp":"2025-12-12T02:16:11.402Z"}
{"level":"info","message":"MongoDB connected successfully","timestamp":"2025-12-12T02:16:11.431Z"}
{"level":"info","message":"🚀 Server running on port 4000","timestamp":"2025-12-12T02:16:16.507Z"}
{"level":"info","message":"MongoDB connected successfully","timestamp":"2025-12-12T02:16:16.540Z"}
{"level":"info","message":"🚀 Server running on port 4000","timestamp":"2025-12-12T02:19:18.873Z"}
{"level":"info","message":"MongoDB connected successfully","timestamp":"2025-12-12T02:19:18.904Z"}
{"level":"info","message":"🚀 Server running on port 4000","timestamp":"2025-12-12T02:19:38.551Z"}
{"level":"info","message":"MongoDB connected successfully","timestamp":"2025-12-12T02:19:38.584Z"}
{"level":"info","message":"🚀 Server running on port 4000","timestamp":"2025-12-12T02:19:47.273Z"}
{"level":"info","message":"MongoDB connected successfully","timestamp":"2025-12-12T02:19:47.304Z"}
{"level":"info","message":"🚀 Server running on port 4000","timestamp":"2025-12-12T02:19:58.920Z"}
{"level":"info","message":"MongoDB connected successfully","timestamp":"2025-12-12T02:19:58.951Z"}
{"level":"info","message":"🚀 Server running on port 4000","timestamp":"2025-12-12T02:20:17.005Z"}
{"level":"info","message":"MongoDB connected successfully","timestamp":"2025-12-12T02:20:17.039Z"}
{"level":"info","message":"🚀 Server running on port 4000","timestamp":"2025-12-12T02:20:25.144Z"}
{"level":"info","message":"MongoDB connected successfully","timestamp":"2025-12-12T02:20:25.174Z"}
{"ip":"::1","level":"info","message":"HTTP_REQUEST_START","method":"POST","path":"/api/V1/auth/logout-all","requestId":"10700854-963f-4f30-8f47-39f8595eaf1e","timestamp":"2025-12-12T02:22:57.119Z","userAgent":"PostmanRuntime/7.49.1"}
{"level":"error","message":"[API_ERROR] 400 - User ID required","timestamp":"2025-12-12T02:22:57.121Z"}
{"durationMs":8.56,"level":"warn","message":"HTTP_REQUEST_CLIENT_ERROR","requestId":"10700854-963f-4f30-8f47-39f8595eaf1e","statusCode":400,"timestamp":"2025-12-12T02:22:57.127Z"}
{"ip":"::1","level":"info","message":"HTTP_REQUEST_START","method":"POST","path":"/api/V1/auth/logout-all","requestId":"80f1d7c8-ca6b-4a99-b0fd-3cd426a95b48","timestamp":"2025-12-12T02:23:41.586Z","userAgent":"PostmanRuntime/7.49.1"}
{"level":"error","message":"[API_ERROR] 400 - User ID required","timestamp":"2025-12-12T02:23:41.588Z"}
{"durationMs":4.12,"level":"warn","message":"HTTP_REQUEST_CLIENT_ERROR","requestId":"80f1d7c8-ca6b-4a99-b0fd-3cd426a95b48","statusCode":400,"timestamp":"2025-12-12T02:23:41.590Z"}
{"ip":"::1","level":"info","message":"HTTP_REQUEST_START","method":"POST","path":"/api/V1/auth/login","requestId":"fa1e1e5b-8613-49da-957a-0765b2f78dd3","timestamp":"2025-12-12T02:23:46.482Z","userAgent":"PostmanRuntime/7.49.1"}
{"attemptCount":5,"auditedEmail":"joBhnbm@gmial.com","auditedUserId":"693b6f77372eb9e12000cc28","initialStatus":"LOGIN_SUCCESS","latestStatus":"LOGIN_SUCCESS","level":"info","message":"AUDIT_LOGGED: USER_LOGIN_ATTEMPT - LOGIN_SUCCESS - ","requestId":"fa1e1e5b-8613-49da-957a-0765b2f78dd3","timestamp":"2025-12-12T02:23:46.767Z"}
{"durationMs":295.85,"level":"info","message":"HTTP_REQUEST_END","requestId":"fa1e1e5b-8613-49da-957a-0765b2f78dd3","statusCode":200,"timestamp":"2025-12-12T02:23:46.778Z"}
{"ip":"::1","level":"info","message":"HTTP_REQUEST_START","method":"POST","path":"/api/V1/auth/logout-all","requestId":"897671a4-7efc-4bb0-9bd5-fcaeceace2e5","timestamp":"2025-12-12T02:24:04.432Z","userAgent":"PostmanRuntime/7.49.1"}
{"level":"error","message":"[API_ERROR] 400 - User ID required","timestamp":"2025-12-12T02:24:04.432Z"}
{"durationMs":1.95,"level":"warn","message":"HTTP_REQUEST_CLIENT_ERROR","requestId":"897671a4-7efc-4bb0-9bd5-fcaeceace2e5","statusCode":400,"timestamp":"2025-12-12T02:24:04.434Z"}
{"level":"info","message":"🚀 Server running on port 4000","timestamp":"2025-12-12T02:24:43.702Z"}
{"level":"info","message":"MongoDB connected successfully","timestamp":"2025-12-12T02:24:43.731Z"}
{"ip":"::1","level":"info","message":"HTTP_REQUEST_START","method":"POST","path":"/api/V1/auth/logout-all","requestId":"44fa8e2a-bf8b-4251-8d59-6807a6287d57","timestamp":"2025-12-12T02:25:07.626Z","userAgent":"PostmanRuntime/7.49.1"}
{"action":"FORCE_LOGOUT_ALL","createdAt":"2025-12-12T02:25:07.648Z","ip":"::1","lastAttempt":"2025-12-12T02:25:07.648Z","level":"info","message":"AUDIT_EVENT","metadata":"jobhnbm@gmial.com","requestId":"44fa8e2a-bf8b-4251-8d59-6807a6287d57","severity":"INFO","status":"COMPLETED","timestamp":"2025-12-12T02:25:07.648Z","userAgent":"PostmanRuntime/7.49.1","userId":"693b6f77372eb9e12000cc28"}
{"entry":{"action":"FORCE_LOGOUT_ALL","createdAt":"2025-12-12T02:25:07.648Z","ip":"::1","lastAttempt":"2025-12-12T02:25:07.648Z","metadata":"jobhnbm@gmial.com","requestId":"44fa8e2a-bf8b-4251-8d59-6807a6287d57","severity":"INFO","status":"COMPLETED","userAgent":"PostmanRuntime/7.49.1","userId":"693b6f77372eb9e12000cc28"},"error":"Audit validation failed: trackedEmail: Path `trackedEmail` is required.","level":"error","message":"AUDIT_DB_WRITE_FAILED","timestamp":"2025-12-12T02:25:07.657Z"}
{"durationMs":34.54,"level":"info","message":"HTTP_REQUEST_END","requestId":"44fa8e2a-bf8b-4251-8d59-6807a6287d57","statusCode":200,"timestamp":"2025-12-12T02:25:07.660Z"}
{"ip":"::1","level":"info","message":"HTTP_REQUEST_START","method":"POST","path":"/api/V1/auth/logout-all","requestId":"998cc5fd-4174-4815-89a8-3712c688dfe4","timestamp":"2025-12-12T02:25:57.257Z","userAgent":"PostmanRuntime/7.49.1"}
{"level":"error","message":"[API_ERROR] 401 - Unauthorized","timestamp":"2025-12-12T02:25:57.260Z"}
{"durationMs":3.91,"level":"warn","message":"HTTP_REQUEST_CLIENT_ERROR","requestId":"998cc5fd-4174-4815-89a8-3712c688dfe4","statusCode":401,"timestamp":"2025-12-12T02:25:57.261Z"}
{"level":"info","message":"🚀 Server running on port 4000","timestamp":"2025-12-12T02:26:33.627Z"}
{"level":"info","message":"MongoDB connected successfully","timestamp":"2025-12-12T02:26:33.657Z"}
{"ip":"::1","level":"info","message":"HTTP_REQUEST_START","method":"POST","path":"/api/V1/auth/logout-all","requestId":"d4f67a99-20b2-4e0f-aa11-8ab93b3202c7","timestamp":"2025-12-12T02:26:35.899Z","userAgent":"PostmanRuntime/7.49.1"}
{"action":"FORCE_LOGOUT_ALL","createdAt":"2025-12-12T02:26:35.922Z","ip":"::1","lastAttempt":"2025-12-12T02:26:35.922Z","level":"info","message":"AUDIT_EVENT","metadata":"jobhnbm@gmial.com","requestId":"d4f67a99-20b2-4e0f-aa11-8ab93b3202c7","severity":"INFO","status":"COMPLETED","timestamp":"2025-12-12T02:26:35.922Z","userAgent":"PostmanRuntime/7.49.1","userId":"693b6f77372eb9e12000cc28"}
{"entry":{"action":"FORCE_LOGOUT_ALL","createdAt":"2025-12-12T02:26:35.922Z","ip":"::1","lastAttempt":"2025-12-12T02:26:35.922Z","metadata":"jobhnbm@gmial.com","requestId":"d4f67a99-20b2-4e0f-aa11-8ab93b3202c7","severity":"INFO","status":"COMPLETED","userAgent":"PostmanRuntime/7.49.1","userId":"693b6f77372eb9e12000cc28"},"error":"Audit validation failed: trackedEmail: Path `trackedEmail` is required.","level":"error","message":"AUDIT_DB_WRITE_FAILED","timestamp":"2025-12-12T02:26:35.929Z"}
{"durationMs":34.42,"level":"info","message":"HTTP_REQUEST_END","requestId":"d4f67a99-20b2-4e0f-aa11-8ab93b3202c7","statusCode":200,"timestamp":"2025-12-12T02:26:35.933Z"}
{"level":"info","message":"🚀 Server running on port 4000","timestamp":"2025-12-12T02:27:14.434Z"}
{"level":"info","message":"MongoDB connected successfully","timestamp":"2025-12-12T02:27:14.463Z"}
{"level":"info","message":"🚀 Server running on port 4000","timestamp":"2025-12-12T02:27:20.166Z"}
{"level":"info","message":"MongoDB connected successfully","timestamp":"2025-12-12T02:27:20.195Z"}
{"level":"info","message":"🚀 Server running on port 4000","timestamp":"2025-12-12T02:27:32.414Z"}
{"level":"info","message":"MongoDB connected successfully","timestamp":"2025-12-12T02:27:32.444Z"}
{"level":"info","message":"🚀 Server running on port 4000","timestamp":"2025-12-12T02:27:39.594Z"}
{"level":"info","message":"MongoDB connected successfully","timestamp":"2025-12-12T02:27:39.625Z"}
{"ip":"::1","level":"info","message":"HTTP_REQUEST_START","method":"POST","path":"/api/V1/auth/logout-all","requestId":"f9c9932a-775e-4d35-b211-4d7c66dd4031","timestamp":"2025-12-12T02:27:45.023Z","userAgent":"PostmanRuntime/7.49.1"}
{"action":"FORCE_LOGOUT_ALL","createdAt":"2025-12-12T02:27:45.041Z","ip":"::1","lastAttempt":"2025-12-12T02:27:45.041Z","level":"info","message":"AUDIT_EVENT","metadata":"jobhnbm@gmial.com","requestId":"f9c9932a-775e-4d35-b211-4d7c66dd4031","severity":"INFO","status":"COMPLETED","timestamp":"2025-12-12T02:27:45.041Z","userAgent":"PostmanRuntime/7.49.1","userId":"693b6f77372eb9e12000cc28"}
{"entry":{"action":"FORCE_LOGOUT_ALL","createdAt":"2025-12-12T02:27:45.041Z","ip":"::1","lastAttempt":"2025-12-12T02:27:45.041Z","metadata":"jobhnbm@gmial.com","requestId":"f9c9932a-775e-4d35-b211-4d7c66dd4031","severity":"INFO","status":"COMPLETED","userAgent":"PostmanRuntime/7.49.1","userId":"693b6f77372eb9e12000cc28"},"error":"Audit validation failed: trackedEmail: Path `trackedEmail` is required.","level":"error","message":"AUDIT_DB_WRITE_FAILED","timestamp":"2025-12-12T02:27:45.049Z"}
{"durationMs":30.79,"level":"info","message":"HTTP_REQUEST_END","requestId":"f9c9932a-775e-4d35-b211-4d7c66dd4031","statusCode":200,"timestamp":"2025-12-12T02:27:45.053Z"}
{"level":"info","message":"🚀 Server running on port 4000","timestamp":"2025-12-12T02:31:29.705Z"}
{"level":"info","message":"MongoDB connected successfully","timestamp":"2025-12-12T02:31:29.733Z"}
{"level":"info","message":"🚀 Server running on port 4000","timestamp":"2025-12-12T02:31:36.249Z"}
{"level":"info","message":"MongoDB connected successfully","timestamp":"2025-12-12T02:31:36.279Z"}
{"level":"info","message":"🚀 Server running on port 4000","timestamp":"2025-12-12T02:34:24.771Z"}
{"level":"info","message":"MongoDB connected successfully","timestamp":"2025-12-12T02:34:24.801Z"}
{"ip":"::1","level":"info","message":"HTTP_REQUEST_START","method":"POST","path":"/api/V1/auth/logout-all","requestId":"c066e3e8-2d28-4eef-afe9-b44f0a190af2","timestamp":"2025-12-12T02:34:28.606Z","userAgent":"PostmanRuntime/7.49.1"}
{"attemptCount":1,"auditedEmail":"jobhnbm@gmial.com","auditedUserId":"693b6f77372eb9e12000cc28","initialStatus":"PENDING","latestStatus":"COMPLETED","level":"info","message":"AUDIT_LOGGED: FORCE_LOGOUT_ALL - COMPLETED - ","requestId":"c066e3e8-2d28-4eef-afe9-b44f0a190af2","timestamp":"2025-12-12T02:34:28.633Z"}
{"durationMs":32.22,"level":"info","message":"HTTP_REQUEST_END","requestId":"c066e3e8-2d28-4eef-afe9-b44f0a190af2","statusCode":200,"timestamp":"2025-12-12T02:34:28.638Z"}
{"level":"info","message":"🚀 Server running on port 4000","timestamp":"2025-12-12T02:35:41.131Z"}
{"level":"info","message":"MongoDB connected successfully","timestamp":"2025-12-12T02:35:41.166Z"}
{"level":"info","message":"🚀 Server running on port 4000","timestamp":"2025-12-12T02:35:47.859Z"}
{"level":"info","message":"MongoDB connected successfully","timestamp":"2025-12-12T02:35:47.890Z"}
{"ip":"::1","level":"info","message":"HTTP_REQUEST_START","method":"POST","path":"/api/V1/auth/login","requestId":"cf8f4126-8683-49c4-8b55-a5849536f9ec","timestamp":"2025-12-12T02:37:25.108Z","userAgent":"PostmanRuntime/7.49.1"}
{"attemptCount":1,"auditedEmail":"n@gmial.com","auditedUserId":"693b7aa97ef6ac088915418e","initialStatus":"PENDING","latestStatus":"LOGIN_SUCCESS","level":"info","message":"AUDIT_LOGGED: USER_LOGIN_ATTEMPT - LOGIN_SUCCESS - ","requestId":"cf8f4126-8683-49c4-8b55-a5849536f9ec","timestamp":"2025-12-12T02:37:25.343Z"}
{"durationMs":246.71,"level":"info","message":"HTTP_REQUEST_END","requestId":"cf8f4126-8683-49c4-8b55-a5849536f9ec","statusCode":200,"timestamp":"2025-12-12T02:37:25.354Z"}
{"ip":"::1","level":"info","message":"HTTP_REQUEST_START","method":"POST","path":"/api/V1/auth/logout-all","requestId":"3c1ceab5-3a10-43cc-b0bd-b54dc2d7165f","timestamp":"2025-12-12T02:37:37.820Z","userAgent":"PostmanRuntime/7.49.1"}
{"attemptCount":1,"auditedEmail":"n@gmial.com","auditedUserId":"693b7aa97ef6ac088915418e","initialStatus":"PENDING","latestStatus":"COMPLETED","level":"info","message":"AUDIT_LOGGED: FORCE_LOGOUT_ALL - COMPLETED - ","requestId":"3c1ceab5-3a10-43cc-b0bd-b54dc2d7165f","timestamp":"2025-12-12T02:37:37.838Z"}
{"durationMs":19.52,"level":"info","message":"HTTP_REQUEST_END","requestId":"3c1ceab5-3a10-43cc-b0bd-b54dc2d7165f","statusCode":200,"timestamp":"2025-12-12T02:37:37.840Z"}
{"level":"info","message":"🚀 Server running on port 4000","timestamp":"2025-12-12T02:38:33.388Z"}
{"level":"info","message":"MongoDB connected successfully","timestamp":"2025-12-12T02:38:33.420Z"}
{"level":"info","message":"🚀 Server running on port 4000","timestamp":"2025-12-12T02:38:37.622Z"}
{"level":"info","message":"MongoDB connected successfully","timestamp":"2025-12-12T02:38:37.652Z"}
{"level":"info","message":"🚀 Server running on port 4000","timestamp":"2025-12-12T02:39:43.922Z"}
{"level":"info","message":"MongoDB connected successfully","timestamp":"2025-12-12T02:39:43.951Z"}
{"level":"info","message":"🚀 Server running on port 4000","timestamp":"2025-12-12T02:39:52.145Z"}
{"level":"info","message":"MongoDB connected successfully","timestamp":"2025-12-12T02:39:52.174Z"}
{"level":"info","message":"🚀 Server running on port 4000","timestamp":"2025-12-12T02:40:07.530Z"}
{"level":"info","message":"MongoDB connected successfully","timestamp":"2025-12-12T02:40:07.561Z"}
{"level":"info","message":"🚀 Server running on port 4000","timestamp":"2025-12-12T02:40:30.978Z"}
{"level":"info","message":"MongoDB connected successfully","timestamp":"2025-12-12T02:40:31.008Z"}
{"level":"info","message":"🚀 Server running on port 4000","timestamp":"2025-12-12T02:41:24.538Z"}
{"level":"info","message":"MongoDB connected successfully","timestamp":"2025-12-12T02:41:24.567Z"}
{"level":"info","message":"🚀 Server running on port 4000","timestamp":"2025-12-12T02:41:41.932Z"}
{"level":"info","message":"MongoDB connected successfully","timestamp":"2025-12-12T02:41:41.961Z"}
{"level":"info","message":"MongoDB connected successfully","timestamp":"2025-12-12T02:47:00.269Z"}
{"ip":"::1","level":"info","message":"HTTP_REQUEST_START","method":"POST","path":"/api/V1/auth/login","requestId":"dc0972ad-300c-4540-a119-dd8f8dcf5003","timestamp":"2025-12-12T02:56:43.184Z","userAgent":"PostmanRuntime/7.49.1"}
{"attemptCount":2,"auditedEmail":"n@gmial.com","auditedUserId":"693b7aa97ef6ac088915418e","initialStatus":"LOGIN_SUCCESS","latestStatus":"LOGIN_SUCCESS","level":"info","message":"AUDIT_LOGGED: USER_LOGIN_ATTEMPT - LOGIN_SUCCESS - ","requestId":"dc0972ad-300c-4540-a119-dd8f8dcf5003","timestamp":"2025-12-12T02:56:43.422Z"}
{"durationMs":261.83,"level":"info","message":"HTTP_REQUEST_END","requestId":"dc0972ad-300c-4540-a119-dd8f8dcf5003","statusCode":200,"timestamp":"2025-12-12T02:56:43.436Z"}
{"ip":"::1","level":"info","message":"HTTP_REQUEST_START","method":"POST","path":"/api/V1/auth/refresh-token","requestId":"154efb8f-e5f4-4fc5-b663-3a029e951d5f","timestamp":"2025-12-12T02:57:01.089Z","userAgent":"PostmanRuntime/7.49.1"}
{"level":"error","message":"[CRITICAL_ERROR] 500 - Cannot read properties of undefined (reading 'toString') Cannot read properties of undefined (reading 'toString')","stack":"TypeError: Cannot read properties of undefined (reading 'toString')\n    at AuthController.createResponseDTO (/home/beejay/Zely/Backend-Api/src/domain/auth/authcontroller.ts:38:30)\n    at /home/beejay/Zely/Backend-Api/src/domain/auth/authcontroller.ts:89:35\n    at processTicksAndRejections (node:internal/process/task_queues:103:5)","timestamp":"2025-12-12T02:57:01.103Z"}
{"durationMs":15.92,"level":"error","message":"HTTP_REQUEST_ERROR","requestId":"154efb8f-e5f4-4fc5-b663-3a029e951d5f","statusCode":500,"timestamp":"2025-12-12T02:57:01.104Z"}
{"ip":"::1","level":"info","message":"HTTP_REQUEST_START","method":"POST","path":"/api/V1/auth/refresh-token","requestId":"fb74101f-4e02-48c7-8aeb-80ef34c9f078","timestamp":"2025-12-12T02:58:48.144Z","userAgent":"PostmanRuntime/7.49.1"}
{"level":"error","message":"[CRITICAL_ERROR] 500 - Invalid refresh token Invalid refresh token","stack":"Error: Invalid refresh token\n    at verifyRefreshToken (/home/beejay/Zely/Backend-Api/src/core/lib/token.helper.ts:70:22)\n    at processTicksAndRejections (node:internal/process/task_queues:103:5)\n    at async userService.refreshToken (/home/beejay/Zely/Backend-Api/src/domain/auth/authservice.ts:96:31)\n    at async /home/beejay/Zely/Backend-Api/src/domain/auth/authcontroller.ts:88:20","timestamp":"2025-12-12T02:58:48.153Z"}
{"durationMs":15.98,"level":"error","message":"HTTP_REQUEST_ERROR","requestId":"fb74101f-4e02-48c7-8aeb-80ef34c9f078","statusCode":500,"timestamp":"2025-12-12T02:58:48.158Z"}
{"ip":"::1","level":"info","message":"HTTP_REQUEST_START","method":"POST","path":"/api/V1/auth/refresh-token","requestId":"99d9768c-edd3-48b0-af7c-ccbf8576a324","timestamp":"2025-12-12T02:59:28.462Z","userAgent":"PostmanRuntime/7.49.1"}
{"durationMs":2.07,"level":"warn","message":"HTTP_REQUEST_CLIENT_ERROR","requestId":"99d9768c-edd3-48b0-af7c-ccbf8576a324","statusCode":400,"timestamp":"2025-12-12T02:59:28.464Z"}
{"ip":"::1","level":"info","message":"HTTP_REQUEST_START","method":"POST","path":"/api/V1/auth/refresh-token","requestId":"a0a731ff-414e-4dcf-8e22-b7809512d581","timestamp":"2025-12-12T03:00:15.940Z","userAgent":"PostmanRuntime/7.49.1"}
{"durationMs":8.91,"level":"warn","message":"HTTP_REQUEST_CLIENT_ERROR","requestId":"a0a731ff-414e-4dcf-8e22-b7809512d581","statusCode":400,"timestamp":"2025-12-12T03:00:15.946Z"}
{"ip":"::1","level":"info","message":"HTTP_REQUEST_START","method":"POST","path":"/api/V1/auth/refresh-token","requestId":"b8df4cb2-a309-44af-be8d-b2f822cf810f","timestamp":"2025-12-12T03:00:21.439Z","userAgent":"PostmanRuntime/7.49.1"}
{"level":"error","message":"[CRITICAL_ERROR] 500 - Invalid refresh token Invalid refresh token","stack":"Error: Invalid refresh token\n    at verifyRefreshToken (/home/beejay/Zely/Backend-Api/src/core/lib/token.helper.ts:70:22)\n    at processTicksAndRejections (node:internal/process/task_queues:103:5)\n    at async userService.refreshToken (/home/beejay/Zely/Backend-Api/src/domain/auth/authservice.ts:97:31)\n    at async /home/beejay/Zely/Backend-Api/src/domain/auth/authcontroller.ts:88:20","timestamp":"2025-12-12T03:00:21.448Z"}
{"durationMs":9.95,"level":"error","message":"HTTP_REQUEST_ERROR","requestId":"b8df4cb2-a309-44af-be8d-b2f822cf810f","statusCode":500,"timestamp":"2025-12-12T03:00:21.449Z"}
{"ip":"::1","level":"info","message":"HTTP_REQUEST_START","method":"POST","path":"/api/V1/auth/refresh-token","requestId":"a55e63b0-861c-4aa6-9a1d-be2d16234f20","timestamp":"2025-12-12T03:10:05.900Z","userAgent":"PostmanRuntime/7.49.1"}
{"level":"error","message":"[CRITICAL_ERROR] 500 - Invalid refresh token Invalid refresh token","stack":"Error: Invalid refresh token\n    at verifyRefreshToken (/home/beejay/Zely/Backend-Api/src/core/lib/token.helper.ts:71:22)\n    at processTicksAndRejections (node:internal/process/task_queues:103:5)\n    at async userService.refreshToken (/home/beejay/Zely/Backend-Api/src/domain/auth/authservice.ts:97:31)\n    at async /home/beejay/Zely/Backend-Api/src/domain/auth/authcontroller.ts:88:20","timestamp":"2025-12-12T03:10:05.912Z"}
{"durationMs":24.68,"level":"error","message":"HTTP_REQUEST_ERROR","requestId":"a55e63b0-861c-4aa6-9a1d-be2d16234f20","statusCode":500,"timestamp":"2025-12-12T03:10:05.916Z"}
{"level":"info","message":"SIGINT received, shutting down...","timestamp":"2025-12-12T03:18:04.724Z"}
{"ip":"::1","level":"info","message":"HTTP_REQUEST_START","method":"POST","path":"/api/V1/auth/refresh-token","requestId":"6806c4fb-45ed-4037-9e0e-0b4d74a50e6b","timestamp":"2025-12-12T03:30:03.809Z","userAgent":"PostmanRuntime/7.49.1"}
{"level":"error","message":"[CRITICAL_ERROR] 500 - Invalid refresh token Invalid refresh token","stack":"Error: Invalid refresh token\n    at verifyRefreshToken (/home/beejay/Zely/Backend-Api/src/core/lib/token.helper.ts:71:22)\n    at processTicksAndRejections (node:internal/process/task_queues:103:5)\n    at async userService.refreshToken (/home/beejay/Zely/Backend-Api/src/domain/auth/authservice.ts:97:31)\n    at async /home/beejay/Zely/Backend-Api/src/domain/auth/authcontroller.ts:86:20","timestamp":"2025-12-12T03:30:03.822Z"}
{"durationMs":26.19,"level":"error","message":"HTTP_REQUEST_ERROR","requestId":"6806c4fb-45ed-4037-9e0e-0b4d74a50e6b","statusCode":500,"timestamp":"2025-12-12T03:30:03.826Z"}
{"ip":"::1","level":"info","message":"HTTP_REQUEST_START","method":"POST","path":"/api/V1/auth/login","requestId":"5d1022a6-c5e7-4d0d-bb4e-97e92d1bff8d","timestamp":"2025-12-12T03:31:49.671Z","userAgent":"PostmanRuntime/7.49.1"}
{"attemptCount":3,"auditedEmail":"n@gmial.com","auditedUserId":"693b7aa97ef6ac088915418e","initialStatus":"LOGIN_SUCCESS","latestStatus":"LOGIN_SUCCESS","level":"info","message":"AUDIT_LOGGED: USER_LOGIN_ATTEMPT - LOGIN_SUCCESS - ","requestId":"5d1022a6-c5e7-4d0d-bb4e-97e92d1bff8d","timestamp":"2025-12-12T03:31:49.911Z"}
{"durationMs":249.67,"level":"info","message":"HTTP_REQUEST_END","requestId":"5d1022a6-c5e7-4d0d-bb4e-97e92d1bff8d","statusCode":200,"timestamp":"2025-12-12T03:31:49.920Z"}
{"ip":"::1","level":"info","message":"HTTP_REQUEST_START","method":"POST","path":"/api/V1/auth/refresh-token","requestId":"5304da59-d4b9-4011-8134-a98b973466a1","timestamp":"2025-12-12T03:32:14.670Z","userAgent":"PostmanRuntime/7.49.1"}
{"level":"error","message":"[CRITICAL_ERROR] 500 - Cannot read properties of undefined (reading 'toString') Cannot read properties of undefined (reading 'toString')","stack":"TypeError: Cannot read properties of undefined (reading 'toString')\n    at AuthController.createResponseDTO (/home/beejay/Zely/Backend-Api/src/domain/auth/authcontroller.ts:38:30)\n    at /home/beejay/Zely/Backend-Api/src/domain/auth/authcontroller.ts:88:35\n    at processTicksAndRejections (node:internal/process/task_queues:103:5)","timestamp":"2025-12-12T03:32:14.680Z"}
{"durationMs":11.05,"level":"error","message":"HTTP_REQUEST_ERROR","requestId":"5304da59-d4b9-4011-8134-a98b973466a1","statusCode":500,"timestamp":"2025-12-12T03:32:14.681Z"}
{"ip":"::1","level":"info","message":"HTTP_REQUEST_START","method":"POST","path":"/api/V1/auth/refresh-token","requestId":"979b53a1-6d42-4a02-89a7-9e52880c3251","timestamp":"2025-12-12T03:37:53.674Z","userAgent":"PostmanRuntime/7.49.1"}
{"level":"error","message":"[CRITICAL_ERROR] 500 - Invalid refresh token Invalid refresh token","stack":"Error: Invalid refresh token\n    at verifyRefreshToken (/home/beejay/Zely/Backend-Api/src/core/lib/token.helper.ts:71:22)\n    at processTicksAndRejections (node:internal/process/task_queues:103:5)\n    at async userService.refreshToken (/home/beejay/Zely/Backend-Api/src/domain/auth/authservice.ts:97:31)\n    at async /home/beejay/Zely/Backend-Api/src/domain/auth/authcontroller.ts:89:20","timestamp":"2025-12-12T03:37:53.686Z"}
{"durationMs":18.79,"level":"error","message":"HTTP_REQUEST_ERROR","requestId":"979b53a1-6d42-4a02-89a7-9e52880c3251","statusCode":500,"timestamp":"2025-12-12T03:37:53.690Z"}
{"ip":"::1","level":"info","message":"HTTP_REQUEST_START","method":"POST","path":"/api/V1/auth/login","requestId":"a2550139-8518-47e2-96ed-1d368c1cb25f","timestamp":"2025-12-12T03:44:23.328Z","userAgent":"PostmanRuntime/7.49.1"}
{"attemptCount":4,"auditedEmail":"n@gmial.com","auditedUserId":"693b7aa97ef6ac088915418e","initialStatus":"LOGIN_SUCCESS","latestStatus":"LOGIN_SUCCESS","level":"info","message":"AUDIT_LOGGED: USER_LOGIN_ATTEMPT - LOGIN_SUCCESS - ","requestId":"a2550139-8518-47e2-96ed-1d368c1cb25f","timestamp":"2025-12-12T03:44:23.573Z"}
{"durationMs":266.52,"level":"info","message":"HTTP_REQUEST_END","requestId":"a2550139-8518-47e2-96ed-1d368c1cb25f","statusCode":200,"timestamp":"2025-12-12T03:44:23.586Z"}
{"ip":"::1","level":"info","message":"HTTP_REQUEST_START","method":"POST","path":"/api/V1/auth/refresh-token","requestId":"391eae8c-b526-4c11-9df7-eee577165645","timestamp":"2025-12-12T03:44:36.001Z","userAgent":"PostmanRuntime/7.49.1"}
{"level":"error","message":"[CRITICAL_ERROR] 500 - Cannot read properties of undefined (reading 'toString') Cannot read properties of undefined (reading 'toString')","stack":"TypeError: Cannot read properties of undefined (reading 'toString')\n    at AuthController.createResponseDTO (/home/beejay/Zely/Backend-Api/src/domain/auth/authcontroller.ts:41:30)\n    at /home/beejay/Zely/Backend-Api/src/domain/auth/authcontroller.ts:92:35\n    at processTicksAndRejections (node:internal/process/task_queues:103:5)","timestamp":"2025-12-12T03:44:36.021Z"}
{"durationMs":21.43,"level":"error","message":"HTTP_REQUEST_ERROR","requestId":"391eae8c-b526-4c11-9df7-eee577165645","statusCode":500,"timestamp":"2025-12-12T03:44:36.022Z"}
{"ip":"::1","level":"info","message":"HTTP_REQUEST_START","method":"POST","path":"/api/V1/auth/refresh-token","requestId":"25eefe74-ddf2-449f-86ab-6c612a408575","timestamp":"2025-12-12T03:44:48.209Z","userAgent":"PostmanRuntime/7.49.1"}
{"level":"error","message":"[CRITICAL_ERROR] 500 - Invalid refresh token Invalid refresh token","stack":"Error: Invalid refresh token\n    at verifyRefreshToken (/home/beejay/Zely/Backend-Api/src/core/lib/token.helper.ts:71:22)\n    at processTicksAndRejections (node:internal/process/task_queues:103:5)\n    at async userService.refreshToken (/home/beejay/Zely/Backend-Api/src/domain/auth/authservice.ts:97:31)\n    at async /home/beejay/Zely/Backend-Api/src/domain/auth/authcontroller.ts:89:20","timestamp":"2025-12-12T03:44:48.212Z"}
{"durationMs":4.44,"level":"error","message":"HTTP_REQUEST_ERROR","requestId":"25eefe74-ddf2-449f-86ab-6c612a408575","statusCode":500,"timestamp":"2025-12-12T03:44:48.214Z"}
{"ip":"::1","level":"info","message":"HTTP_REQUEST_START","method":"POST","path":"/api/V1/auth/login","requestId":"cefc937c-8cb3-457a-8815-530ca7f597fd","timestamp":"2025-12-12T03:46:21.579Z","userAgent":"PostmanRuntime/7.49.1"}
{"attemptCount":5,"auditedEmail":"n@gmial.com","auditedUserId":"693b7aa97ef6ac088915418e","initialStatus":"LOGIN_SUCCESS","latestStatus":"LOGIN_SUCCESS","level":"info","message":"AUDIT_LOGGED: USER_LOGIN_ATTEMPT - LOGIN_SUCCESS - ","requestId":"cefc937c-8cb3-457a-8815-530ca7f597fd","timestamp":"2025-12-12T03:46:21.849Z"}
{"durationMs":286.32,"level":"info","message":"HTTP_REQUEST_END","requestId":"cefc937c-8cb3-457a-8815-530ca7f597fd","statusCode":200,"timestamp":"2025-12-12T03:46:21.863Z"}
{"ip":"::1","level":"info","message":"HTTP_REQUEST_START","method":"POST","path":"/api/V1/auth/refresh-token","requestId":"26f5d0d7-fdda-4c2f-8b68-b23c5ea8c38e","timestamp":"2025-12-12T03:46:36.470Z","userAgent":"PostmanRuntime/7.49.1"}
{"level":"error","message":"[CRITICAL_ERROR] 500 - User not found User not found","stack":"Error: User not found\n    at AuthController.createResponseDTO (/home/beejay/Zely/Backend-Api/src/domain/auth/authcontroller.ts:38:19)\n    at /home/beejay/Zely/Backend-Api/src/domain/auth/authcontroller.ts:92:35\n    at processTicksAndRejections (node:internal/process/task_queues:103:5)","timestamp":"2025-12-12T03:46:36.484Z"}
{"durationMs":15.44,"level":"error","message":"HTTP_REQUEST_ERROR","requestId":"26f5d0d7-fdda-4c2f-8b68-b23c5ea8c38e","statusCode":500,"timestamp":"2025-12-12T03:46:36.486Z"}
{"ip":"::1","level":"info","message":"HTTP_REQUEST_START","method":"POST","path":"/api/V1/auth/login","requestId":"4e1265ec-cde3-4819-81a1-0c0bcf5bb739","timestamp":"2025-12-12T04:00:15.293Z","userAgent":"PostmanRuntime/7.49.1"}
{"attemptCount":6,"auditedEmail":"n@gmial.com","auditedUserId":"693b7aa97ef6ac088915418e","initialStatus":"LOGIN_SUCCESS","latestStatus":"LOGIN_SUCCESS","level":"info","message":"AUDIT_LOGGED: USER_LOGIN_ATTEMPT - LOGIN_SUCCESS - ","requestId":"4e1265ec-cde3-4819-81a1-0c0bcf5bb739","timestamp":"2025-12-12T04:00:15.540Z"}
{"durationMs":272.85,"level":"info","message":"HTTP_REQUEST_END","requestId":"4e1265ec-cde3-4819-81a1-0c0bcf5bb739","statusCode":200,"timestamp":"2025-12-12T04:00:15.554Z"}
{"ip":"::1","level":"info","message":"HTTP_REQUEST_START","method":"POST","path":"/api/V1/auth/refresh-token","requestId":"e6e47ba3-caf1-40e5-98a1-3164d16db5e4","timestamp":"2025-12-12T04:00:25.900Z","userAgent":"PostmanRuntime/7.49.1"}
{"level":"error","message":"[CRITICAL_ERROR] 500 - User not found User not found","stack":"Error: User not found\n    at AuthController.createResponseDTO (/home/beejay/Zely/Backend-Api/src/domain/auth/authcontroller.ts:38:19)\n    at /home/beejay/Zely/Backend-Api/src/domain/auth/authcontroller.ts:92:35\n    at processTicksAndRejections (node:internal/process/task_queues:103:5)","timestamp":"2025-12-12T04:00:25.917Z"}
{"durationMs":19.39,"level":"error","message":"HTTP_REQUEST_ERROR","requestId":"e6e47ba3-caf1-40e5-98a1-3164d16db5e4","statusCode":500,"timestamp":"2025-12-12T04:00:25.918Z"}
{"ip":"::1","level":"info","message":"HTTP_REQUEST_START","method":"POST","path":"/api/V1/auth/login","requestId":"ad71bf67-58f9-4e81-bd36-c70673ef0380","timestamp":"2025-12-12T04:02:02.180Z","userAgent":"PostmanRuntime/7.49.1"}
{"attemptCount":7,"auditedEmail":"n@gmial.com","auditedUserId":"693b7aa97ef6ac088915418e","initialStatus":"LOGIN_SUCCESS","latestStatus":"LOGIN_SUCCESS","level":"info","message":"AUDIT_LOGGED: USER_LOGIN_ATTEMPT - LOGIN_SUCCESS - ","requestId":"ad71bf67-58f9-4e81-bd36-c70673ef0380","timestamp":"2025-12-12T04:02:02.407Z"}
{"durationMs":242.33,"level":"info","message":"HTTP_REQUEST_END","requestId":"ad71bf67-58f9-4e81-bd36-c70673ef0380","statusCode":200,"timestamp":"2025-12-12T04:02:02.417Z"}
{"ip":"::1","level":"info","message":"HTTP_REQUEST_START","method":"POST","path":"/api/V1/auth/refresh-token","requestId":"40d78b64-236e-4ad9-b93b-a8a51733d187","timestamp":"2025-12-12T04:02:12.642Z","userAgent":"PostmanRuntime/7.49.1"}
{"durationMs":10.27,"level":"info","message":"HTTP_REQUEST_END","requestId":"40d78b64-236e-4ad9-b93b-a8a51733d187","statusCode":200,"timestamp":"2025-12-12T04:02:12.652Z"}
{"ip":"::1","level":"info","message":"HTTP_REQUEST_START","method":"POST","path":"/api/V1/auth/refresh-token","requestId":"a6eca226-b51d-43bf-9c97-db575697b4e4","timestamp":"2025-12-12T04:02:41.029Z","userAgent":"PostmanRuntime/7.49.1"}
{"level":"error","message":"[CRITICAL_ERROR] 500 - Invalid refresh token Invalid refresh token","stack":"Error: Invalid refresh token\n    at verifyRefreshToken (/home/beejay/Zely/Backend-Api/src/core/lib/token.helper.ts:71:22)\n    at processTicksAndRejections (node:internal/process/task_queues:103:5)\n    at async userService.refreshToken (/home/beejay/Zely/Backend-Api/src/domain/auth/authservice.ts:96:31)\n    at async /home/beejay/Zely/Backend-Api/src/domain/auth/authcontroller.ts:89:20","timestamp":"2025-12-12T04:02:41.039Z"}
{"durationMs":11.51,"level":"error","message":"HTTP_REQUEST_ERROR","requestId":"a6eca226-b51d-43bf-9c97-db575697b4e4","statusCode":500,"timestamp":"2025-12-12T04:02:41.040Z"}
{"ip":"::1","level":"info","message":"HTTP_REQUEST_START","method":"POST","path":"/api/V1/auth/login","requestId":"69a9b5ae-99a4-4ccd-85e9-80f624eaa09e","timestamp":"2025-12-12T04:04:24.340Z","userAgent":"PostmanRuntime/7.49.1"}
{"attemptCount":8,"auditedEmail":"n@gmial.com","auditedUserId":"693b7aa97ef6ac088915418e","initialStatus":"LOGIN_SUCCESS","latestStatus":"LOGIN_SUCCESS","level":"info","message":"AUDIT_LOGGED: USER_LOGIN_ATTEMPT - LOGIN_SUCCESS - ","requestId":"69a9b5ae-99a4-4ccd-85e9-80f624eaa09e","timestamp":"2025-12-12T04:04:24.604Z"}
{"durationMs":279.46,"level":"info","message":"HTTP_REQUEST_END","requestId":"69a9b5ae-99a4-4ccd-85e9-80f624eaa09e","statusCode":200,"timestamp":"2025-12-12T04:04:24.617Z"}
{"ip":"::1","level":"info","message":"HTTP_REQUEST_START","method":"POST","path":"/api/V1/auth/refresh-token","requestId":"293a90d2-566f-49fe-bc77-8e905c041234","timestamp":"2025-12-12T04:05:38.071Z","userAgent":"PostmanRuntime/7.49.1"}
{"durationMs":11.93,"level":"info","message":"HTTP_REQUEST_END","requestId":"293a90d2-566f-49fe-bc77-8e905c041234","statusCode":200,"timestamp":"2025-12-12T04:05:38.083Z"}
{"ip":"::1","level":"info","message":"HTTP_REQUEST_START","method":"POST","path":"/api/V1/auth/refresh-token","requestId":"d6db85cb-8ef3-4dda-bcef-b611612fe458","timestamp":"2025-12-12T04:08:49.726Z","userAgent":"PostmanRuntime/7.49.1"}
{"level":"error","message":"[API_ERROR] 403 - Invalid refresh token","timestamp":"2025-12-12T04:08:49.737Z"}
{"durationMs":30.6,"level":"warn","message":"HTTP_REQUEST_CLIENT_ERROR","requestId":"d6db85cb-8ef3-4dda-bcef-b611612fe458","statusCode":403,"timestamp":"2025-12-12T04:08:49.751Z"}
{"ip":"::1","level":"info","message":"HTTP_REQUEST_START","method":"POST","path":"/api/V1/auth/refresh-token","requestId":"ae9522c3-6c17-4275-94ae-450733d46cc5","timestamp":"2025-12-12T04:11:38.806Z","userAgent":"PostmanRuntime/7.49.1"}
{"level":"error","message":"[API_ERROR] 403 - Invalid refresh token","timestamp":"2025-12-12T04:11:38.810Z"}
{"durationMs":5.78,"level":"warn","message":"HTTP_REQUEST_CLIENT_ERROR","requestId":"ae9522c3-6c17-4275-94ae-450733d46cc5","statusCode":403,"timestamp":"2025-12-12T04:11:38.812Z"}
{"ip":"::1","level":"info","message":"HTTP_REQUEST_START","method":"POST","path":"/api/V1/auth/refresh-token","requestId":"df03a34a-522b-4a44-82db-5b9e637765ea","timestamp":"2025-12-12T04:25:20.003Z","userAgent":"PostmanRuntime/7.49.1"}
{"level":"error","message":"[API_ERROR] 403 - Invalid refresh token","timestamp":"2025-12-12T04:25:20.007Z"}
{"durationMs":11.35,"level":"warn","message":"HTTP_REQUEST_CLIENT_ERROR","requestId":"df03a34a-522b-4a44-82db-5b9e637765ea","statusCode":403,"timestamp":"2025-12-12T04:25:20.013Z"}
{"ip":"::1","level":"info","message":"HTTP_REQUEST_START","method":"POST","path":"/api/V1/auth/logout-all","requestId":"a96492c1-e451-447e-8e15-6a445f3d1a4b","timestamp":"2025-12-12T04:33:15.618Z","userAgent":"PostmanRuntime/7.49.1"}
{"durationMs":2.98,"level":"warn","message":"HTTP_REQUEST_CLIENT_ERROR","requestId":"a96492c1-e451-447e-8e15-6a445f3d1a4b","statusCode":401,"timestamp":"2025-12-12T04:33:15.620Z"}
{"ip":"::1","level":"info","message":"HTTP_REQUEST_START","method":"POST","path":"/api/V1/auth/logout-all","requestId":"412e7c23-ca5f-415c-a9e0-3eebd7c1fc88","timestamp":"2025-12-12T04:33:40.147Z","userAgent":"PostmanRuntime/7.49.1"}
{"durationMs":1.82,"level":"warn","message":"HTTP_REQUEST_CLIENT_ERROR","requestId":"412e7c23-ca5f-415c-a9e0-3eebd7c1fc88","statusCode":401,"timestamp":"2025-12-12T04:33:40.149Z"}
{"ip":"::1","level":"info","message":"HTTP_REQUEST_START","method":"POST","path":"/api/V1/auth/login","requestId":"eb95a68e-ed4f-4716-a401-d553f725d198","timestamp":"2025-12-12T04:33:52.648Z","userAgent":"PostmanRuntime/7.49.1"}
{"attemptCount":9,"auditedEmail":"n@gmial.com","auditedUserId":"693b7aa97ef6ac088915418e","initialStatus":"LOGIN_SUCCESS","latestStatus":"LOGIN_SUCCESS","level":"info","message":"AUDIT_LOGGED: USER_LOGIN_ATTEMPT - LOGIN_SUCCESS - ","requestId":"eb95a68e-ed4f-4716-a401-d553f725d198","timestamp":"2025-12-12T04:33:53.050Z"}
{"durationMs":405.53,"level":"info","message":"HTTP_REQUEST_END","requestId":"eb95a68e-ed4f-4716-a401-d553f725d198","statusCode":200,"timestamp":"2025-12-12T04:33:53.053Z"}
{"ip":"::1","level":"info","message":"HTTP_REQUEST_START","method":"POST","path":"/api/V1/auth/refresh-token","requestId":"4d2fa663-a43c-4ec1-9011-14fabcf9fe27","timestamp":"2025-12-12T04:34:24.719Z","userAgent":"PostmanRuntime/7.49.1"}
{"level":"error","message":"[API_ERROR] 403 - Invalid refresh token","timestamp":"2025-12-12T04:34:24.722Z"}
{"durationMs":4.23,"level":"warn","message":"HTTP_REQUEST_CLIENT_ERROR","requestId":"4d2fa663-a43c-4ec1-9011-14fabcf9fe27","statusCode":403,"timestamp":"2025-12-12T04:34:24.724Z"}
{"ip":"::1","level":"info","message":"HTTP_REQUEST_START","method":"POST","path":"/api/V1/auth/login","requestId":"4e5c9bf5-b93f-46bd-9c7a-66ec1d0bd3c0","timestamp":"2025-12-12T04:39:02.759Z","userAgent":"PostmanRuntime/7.49.1"}
{"attemptCount":10,"auditedEmail":"n@gmial.com","auditedUserId":"693b7aa97ef6ac088915418e","initialStatus":"LOGIN_SUCCESS","latestStatus":"LOGIN_SUCCESS","level":"info","message":"AUDIT_LOGGED: USER_LOGIN_ATTEMPT - LOGIN_SUCCESS - ","requestId":"4e5c9bf5-b93f-46bd-9c7a-66ec1d0bd3c0","timestamp":"2025-12-12T04:39:03.036Z"}
{"durationMs":279.02,"level":"info","message":"HTTP_REQUEST_END","requestId":"4e5c9bf5-b93f-46bd-9c7a-66ec1d0bd3c0","statusCode":200,"timestamp":"2025-12-12T04:39:03.038Z"}
{"ip":"::1","level":"info","message":"HTTP_REQUEST_START","method":"POST","path":"/api/V1/auth/refresh-token","requestId":"6b784c39-9090-45a9-a47d-0c45293f7b30","timestamp":"2025-12-12T04:39:19.406Z","userAgent":"PostmanRuntime/7.49.1"}
{"attemptCount":1,"auditedEmail":"","auditedUserId":"693b7aa97ef6ac088915418e","initialStatus":"PENDING","latestStatus":"REFRESH_TOKEN_SUCCESS","level":"info","message":"AUDIT_LOGGED: REFRESH_TOKEN_ATTEMPT - REFRESH_TOKEN_SUCCESS - ","requestId":"6b784c39-9090-45a9-a47d-0c45293f7b30","timestamp":"2025-12-12T04:39:19.472Z"}
{"durationMs":108.9,"level":"info","message":"HTTP_REQUEST_END","requestId":"6b784c39-9090-45a9-a47d-0c45293f7b30","statusCode":200,"timestamp":"2025-12-12T04:39:19.517Z"}
{"ip":"::1","level":"info","message":"HTTP_REQUEST_START","method":"POST","path":"/api/V1/auth/refresh-token","requestId":"879a5b8d-8f7a-4618-81fe-513f085c66bf","timestamp":"2025-12-12T04:39:41.341Z","userAgent":"PostmanRuntime/7.49.1"}
{"level":"error","message":"[API_ERROR] 403 - Invalid refresh token","timestamp":"2025-12-12T04:39:41.349Z"}
{"durationMs":13.31,"level":"warn","message":"HTTP_REQUEST_CLIENT_ERROR","requestId":"879a5b8d-8f7a-4618-81fe-513f085c66bf","statusCode":403,"timestamp":"2025-12-12T04:39:41.354Z"}
{"level":"info","message":"SIGINT received, shutting down...","timestamp":"2025-12-12T04:59:39.994Z"}
