{"ip":"::1","level":"info","message":"HTTP_REQUEST_START","method":"POST","path":"/api/V1/auth/V1/register","requestId":"5ea717ab-15ab-4cb4-8fe5-98a3c4c99cc3","timestamp":"2025-11-30T16:14:38.231Z","userAgent":"PostmanRuntime/7.49.1"}
{"attemptCount":2,"auditedEmail":"john@gmail.com","auditedUserId":"692c6c1ef4f53af24625d8f0","initialStatus":"USER_CREATED","latestStatus":"ALREADY_EXISTS","level":"info","message":"AUDIT_LOGGED: USER_REGISTER_ATTEMPT - ALREADY_EXISTS - 5ea717ab-15ab-4cb4-8fe5-98a3c4c99cc3","requestId":"5ea717ab-15ab-4cb4-8fe5-98a3c4c99cc3","timestamp":"2025-11-30T16:14:38.248Z"}
{"level":"error","message":"[API_ERROR] 400 - User already Exist with that email","timestamp":"2025-11-30T16:14:38.250Z"}
{"durationMs":23.88,"level":"warn","message":"HTTP_REQUEST_CLIENT_ERROR","requestId":"5ea717ab-15ab-4cb4-8fe5-98a3c4c99cc3","statusCode":400,"timestamp":"2025-11-30T16:14:38.253Z"}
{"ip":"::1","level":"info","message":"HTTP_REQUEST_START","method":"POST","path":"/api/V1/auth/V1/register","requestId":"1abd4f68-d117-41fc-bf06-6db0954e2f67","timestamp":"2025-11-30T16:16:40.044Z","userAgent":"PostmanRuntime/7.49.1"}
{"attemptCount":3,"auditedEmail":"john@gmail.com","auditedUserId":"692c6c1ef4f53af24625d8f0","initialStatus":"USER_CREATED","latestStatus":"ALREADY_EXISTS","level":"info","message":"AUDIT_LOGGED: USER_REGISTER_ATTEMPT - ALREADY_EXISTS","requestId":"1abd4f68-d117-41fc-bf06-6db0954e2f67","timestamp":"2025-11-30T16:16:40.060Z"}
{"level":"error","message":"[API_ERROR] 400 - User already Exist with that email","timestamp":"2025-11-30T16:16:40.062Z"}
{"durationMs":23.7,"level":"warn","message":"HTTP_REQUEST_CLIENT_ERROR","requestId":"1abd4f68-d117-41fc-bf06-6db0954e2f67","statusCode":400,"timestamp":"2025-11-30T16:16:40.066Z"}
{"ip":"::1","level":"info","message":"HTTP_REQUEST_START","method":"POST","path":"/api/V1/auth/V1/register","requestId":"8a42ed41-b93e-4da0-adbf-07dbf4d10eab","timestamp":"2025-11-30T16:19:15.280Z","userAgent":"PostmanRuntime/7.49.1"}
{"attemptCount":4,"auditedEmail":"john@gmail.com","auditedUserId":"692c6c1ef4f53af24625d8f0","initialStatus":"USER_CREATED","latestStatus":"ALREADY_EXISTS","level":"info","message":"AUDIT_LOGGED: USER_REGISTER_ATTEMPT - ALREADY_EXISTS - ","requestId":"8a42ed41-b93e-4da0-adbf-07dbf4d10eab","timestamp":"2025-11-30T16:19:15.296Z"}
{"level":"error","message":"[API_ERROR] 400 - User already Exist with that email","timestamp":"2025-11-30T16:19:15.297Z"}
{"durationMs":22.89,"level":"warn","message":"HTTP_REQUEST_CLIENT_ERROR","requestId":"8a42ed41-b93e-4da0-adbf-07dbf4d10eab","statusCode":400,"timestamp":"2025-11-30T16:19:15.301Z"}
{"ip":"::1","level":"info","message":"HTTP_REQUEST_START","method":"POST","path":"/api/V1/auth/V1/register","requestId":"4fe82043-0ace-4fb3-98be-e8cce822483a","timestamp":"2025-11-30T16:19:23.935Z","userAgent":"PostmanRuntime/7.49.1"}
{"attemptCount":1,"auditedEmail":"jokhn@gmail.com","auditedUserId":"692c6e8b76897cf4142ed8a5","initialStatus":"USER_CREATED","latestStatus":"USER_CREATED","level":"info","message":"AUDIT_LOGGED: USER_REGISTER_ATTEMPT - USER_CREATED - ","requestId":"4fe82043-0ace-4fb3-98be-e8cce822483a","timestamp":"2025-11-30T16:19:24.123Z"}
{"durationMs":189.31,"level":"info","message":"HTTP_REQUEST_END","requestId":"4fe82043-0ace-4fb3-98be-e8cce822483a","statusCode":201,"timestamp":"2025-11-30T16:19:24.124Z"}
{"ip":"::1","level":"info","message":"HTTP_REQUEST_START","method":"POST","path":"/api/V1/auth/V1/register","requestId":"39071872-22d7-4616-8b22-3e166a09a355","timestamp":"2025-11-30T19:41:25.591Z","userAgent":"PostmanRuntime/7.49.1"}
{"level":"error","message":"[CRITICAL_ERROR] 500 - Operation `users.findOne()` buffering timed out after 10000ms Operation `users.findOne()` buffering timed out after 10000ms","stack":"MongooseError: Operation `users.findOne()` buffering timed out after 10000ms\n    at Timeout.<anonymous> (/home/beejay/Zely/Backend-Api/node_modules/mongoose/lib/drivers/node-mongodb-native/collection.js:187:23)\n    at listOnTimeout (node:internal/timers:605:17)\n    at processTimers (node:internal/timers:541:7)","timestamp":"2025-11-30T19:41:35.599Z"}
{"durationMs":10020.9,"level":"error","message":"HTTP_REQUEST_ERROR","requestId":"39071872-22d7-4616-8b22-3e166a09a355","statusCode":500,"timestamp":"2025-11-30T19:41:35.604Z"}
{"ip":"::1","level":"info","message":"HTTP_REQUEST_START","method":"POST","path":"/api/V1/auth/V1/register","requestId":"70a32ff6-9181-4277-ba44-aeebec905c9b","timestamp":"2025-11-30T19:45:03.605Z","userAgent":"PostmanRuntime/7.49.1"}
{"level":"error","message":"[CRITICAL_ERROR] 500 - Operation `users.findOne()` buffering timed out after 10000ms Operation `users.findOne()` buffering timed out after 10000ms","stack":"MongooseError: Operation `users.findOne()` buffering timed out after 10000ms\n    at Timeout.<anonymous> (/home/beejay/Zely/Backend-Api/node_modules/mongoose/lib/drivers/node-mongodb-native/collection.js:187:23)\n    at listOnTimeout (node:internal/timers:605:17)\n    at processTimers (node:internal/timers:541:7)","timestamp":"2025-11-30T19:45:14.196Z"}
{"durationMs":10013.92,"level":"error","message":"HTTP_REQUEST_ERROR","requestId":"70a32ff6-9181-4277-ba44-aeebec905c9b","statusCode":500,"timestamp":"2025-11-30T19:45:14.200Z"}
{"level":"info","message":"🚀 Server running on port 4000","timestamp":"2025-11-30T19:53:41.595Z"}
{"ip":"::1","level":"info","message":"HTTP_REQUEST_START","method":"POST","path":"/api/V1/auth/V1/register","requestId":"01e2d853-43f6-45f0-b80d-522bff2c191d","timestamp":"2025-11-30T19:53:51.756Z","userAgent":"PostmanRuntime/7.49.1"}
{"level":"error","message":"[CRITICAL_ERROR] 500 - Operation `users.findOne()` buffering timed out after 10000ms Operation `users.findOne()` buffering timed out after 10000ms","stack":"MongooseError: Operation `users.findOne()` buffering timed out after 10000ms\n    at Timeout.<anonymous> (/home/beejay/Zely/Backend-Api/node_modules/mongoose/lib/drivers/node-mongodb-native/collection.js:187:23)\n    at listOnTimeout (node:internal/timers:605:17)\n    at processTimers (node:internal/timers:541:7)","timestamp":"2025-11-30T19:54:01.764Z"}
{"durationMs":10011.95,"level":"error","message":"HTTP_REQUEST_ERROR","requestId":"01e2d853-43f6-45f0-b80d-522bff2c191d","statusCode":500,"timestamp":"2025-11-30T19:54:01.767Z"}
{"ip":"::1","level":"info","message":"HTTP_REQUEST_START","method":"POST","path":"/api/V1/auth/V1/register","requestId":"ea2b0ab4-4da6-4aae-a363-b65be5f4b754","timestamp":"2025-11-30T20:08:34.567Z","userAgent":"PostmanRuntime/7.49.1"}
{"level":"error","message":"[CRITICAL_ERROR] 500 - Operation `users.findOne()` buffering timed out after 10000ms Operation `users.findOne()` buffering timed out after 10000ms","stack":"MongooseError: Operation `users.findOne()` buffering timed out after 10000ms\n    at Timeout.<anonymous> (/home/beejay/Zely/Backend-Api/node_modules/mongoose/lib/drivers/node-mongodb-native/collection.js:187:23)\n    at listOnTimeout (node:internal/timers:605:17)\n    at processTimers (node:internal/timers:541:7)","timestamp":"2025-11-30T20:08:44.576Z"}
{"durationMs":10016.01,"level":"error","message":"HTTP_REQUEST_ERROR","requestId":"ea2b0ab4-4da6-4aae-a363-b65be5f4b754","statusCode":500,"timestamp":"2025-11-30T20:08:44.581Z"}
{"ip":"::1","level":"info","message":"HTTP_REQUEST_START","method":"POST","path":"/api/V1/auth/V1/register","requestId":"b6655289-c5d2-4085-960b-5c1f0145fd95","timestamp":"2025-11-30T20:17:56.933Z","userAgent":"PostmanRuntime/7.49.1"}
{"attemptCount":2,"auditedEmail":"jokhn@gmail.com","auditedUserId":"692c6e8b76897cf4142ed8a5","initialStatus":"USER_CREATED","latestStatus":"ALREADY_EXISTS","level":"info","message":"AUDIT_LOGGED: USER_REGISTER_ATTEMPT - ALREADY_EXISTS - ","requestId":"b6655289-c5d2-4085-960b-5c1f0145fd95","timestamp":"2025-11-30T20:17:56.963Z"}
{"level":"error","message":"[API_ERROR] 400 - User already Exist with that email","timestamp":"2025-11-30T20:17:56.965Z"}
{"durationMs":40.44,"level":"warn","message":"HTTP_REQUEST_CLIENT_ERROR","requestId":"b6655289-c5d2-4085-960b-5c1f0145fd95","statusCode":400,"timestamp":"2025-11-30T20:17:56.972Z"}
{"ip":"::1","level":"info","message":"HTTP_REQUEST_START","method":"POST","path":"/api/V1/auth/V1/register","requestId":"45ec09bf-96b9-4131-b485-09a4cabaf174","timestamp":"2025-11-30T20:18:57.085Z","userAgent":"PostmanRuntime/7.49.1"}
{"attemptCount":3,"auditedEmail":"jokhn@gmail.com","auditedUserId":"692c6e8b76897cf4142ed8a5","initialStatus":"USER_CREATED","latestStatus":"ALREADY_EXISTS","level":"info","message":"AUDIT_LOGGED: USER_REGISTER_ATTEMPT - ALREADY_EXISTS - ","requestId":"45ec09bf-96b9-4131-b485-09a4cabaf174","timestamp":"2025-11-30T20:18:57.100Z"}
{"level":"error","message":"[API_ERROR] 400 - User already Exist with that email","timestamp":"2025-11-30T20:18:57.101Z"}
{"durationMs":21.28,"level":"warn","message":"HTTP_REQUEST_CLIENT_ERROR","requestId":"45ec09bf-96b9-4131-b485-09a4cabaf174","statusCode":400,"timestamp":"2025-11-30T20:18:57.104Z"}
{"ip":"::1","level":"info","message":"HTTP_REQUEST_START","method":"POST","path":"/api/V1/auth/V1/register","requestId":"cc5715b4-5d5c-46b2-8687-3bfd4813052d","timestamp":"2025-11-30T20:19:03.546Z","userAgent":"PostmanRuntime/7.49.1"}
{"attemptCount":1,"auditedEmail":"jokhdn@gmail.com","auditedUserId":"692ca6b7578af02268577910","initialStatus":"USER_CREATED","latestStatus":"USER_CREATED","level":"info","message":"AUDIT_LOGGED: USER_REGISTER_ATTEMPT - USER_CREATED - ","requestId":"cc5715b4-5d5c-46b2-8687-3bfd4813052d","timestamp":"2025-11-30T20:19:03.743Z"}
{"durationMs":198.31,"level":"info","message":"HTTP_REQUEST_END","requestId":"cc5715b4-5d5c-46b2-8687-3bfd4813052d","statusCode":201,"timestamp":"2025-11-30T20:19:03.744Z"}
{"ip":"::1","level":"info","message":"HTTP_REQUEST_START","method":"POST","path":"/api/V1/auth/V1/register","requestId":"06222e62-2980-4288-ba6b-353b422bab9d","timestamp":"2025-11-30T20:20:25.211Z","userAgent":"PostmanRuntime/7.49.1"}
{"attemptCount":2,"auditedEmail":"jokhdn@gmail.com","auditedUserId":"692ca6b7578af02268577910","initialStatus":"USER_CREATED","latestStatus":"ALREADY_EXISTS","level":"info","message":"AUDIT_LOGGED: USER_REGISTER_ATTEMPT - ALREADY_EXISTS - ","requestId":"06222e62-2980-4288-ba6b-353b422bab9d","timestamp":"2025-11-30T20:20:25.226Z"}
{"level":"error","message":"[API_ERROR] 400 - User already Exist with that email","timestamp":"2025-11-30T20:20:25.228Z"}
{"durationMs":22.92,"level":"warn","message":"HTTP_REQUEST_CLIENT_ERROR","requestId":"06222e62-2980-4288-ba6b-353b422bab9d","statusCode":400,"timestamp":"2025-11-30T20:20:25.232Z"}
