{"level":"error","message":"[API_ERROR] 401 - Unauthorize","timestamp":"2025-12-12T01:12:37.975Z"}
{"level":"error","message":"[API_ERROR] 401 - Unauthorize","timestamp":"2025-12-12T01:13:13.697Z"}
{"level":"error","message":"[API_ERROR] 401 - Unauthorize","timestamp":"2025-12-12T01:13:37.267Z"}
{"level":"error","message":"[API_ERROR] 400 - User already Exist with that email","timestamp":"2025-12-12T01:13:48.231Z"}
{"level":"error","message":"[API_ERROR] 401 - Unauthorize","timestamp":"2025-12-12T01:14:32.676Z"}
{"level":"error","message":"[API_ERROR] 401 - Unauthorize","timestamp":"2025-12-12T01:14:38.844Z"}
{"level":"error","message":"[API_ERROR] 401 - Unauthorize","timestamp":"2025-12-12T01:28:01.254Z"}
{"level":"error","message":"[API_ERROR] 400 - User already Exist with that email","timestamp":"2025-12-12T02:14:58.526Z"}
{"level":"error","message":"[API_ERROR] 400 - User ID required","timestamp":"2025-12-12T02:22:57.122Z"}
{"level":"error","message":"[API_ERROR] 400 - User ID required","timestamp":"2025-12-12T02:23:41.589Z"}
{"level":"error","message":"[API_ERROR] 400 - User ID required","timestamp":"2025-12-12T02:24:04.432Z"}
{"entry":{"action":"FORCE_LOGOUT_ALL","createdAt":"2025-12-12T02:25:07.648Z","ip":"::1","lastAttempt":"2025-12-12T02:25:07.648Z","metadata":"jobhnbm@gmial.com","requestId":"44fa8e2a-bf8b-4251-8d59-6807a6287d57","severity":"INFO","status":"COMPLETED","userAgent":"PostmanRuntime/7.49.1","userId":"693b6f77372eb9e12000cc28"},"error":"Audit validation failed: trackedEmail: Path `trackedEmail` is required.","level":"error","message":"AUDIT_DB_WRITE_FAILED","timestamp":"2025-12-12T02:25:07.657Z"}
{"level":"error","message":"[API_ERROR] 401 - Unauthorized","timestamp":"2025-12-12T02:25:57.260Z"}
{"entry":{"action":"FORCE_LOGOUT_ALL","createdAt":"2025-12-12T02:26:35.922Z","ip":"::1","lastAttempt":"2025-12-12T02:26:35.922Z","metadata":"jobhnbm@gmial.com","requestId":"d4f67a99-20b2-4e0f-aa11-8ab93b3202c7","severity":"INFO","status":"COMPLETED","userAgent":"PostmanRuntime/7.49.1","userId":"693b6f77372eb9e12000cc28"},"error":"Audit validation failed: trackedEmail: Path `trackedEmail` is required.","level":"error","message":"AUDIT_DB_WRITE_FAILED","timestamp":"2025-12-12T02:26:35.929Z"}
{"entry":{"action":"FORCE_LOGOUT_ALL","createdAt":"2025-12-12T02:27:45.041Z","ip":"::1","lastAttempt":"2025-12-12T02:27:45.041Z","metadata":"jobhnbm@gmial.com","requestId":"f9c9932a-775e-4d35-b211-4d7c66dd4031","severity":"INFO","status":"COMPLETED","userAgent":"PostmanRuntime/7.49.1","userId":"693b6f77372eb9e12000cc28"},"error":"Audit validation failed: trackedEmail: Path `trackedEmail` is required.","level":"error","message":"AUDIT_DB_WRITE_FAILED","timestamp":"2025-12-12T02:27:45.049Z"}
{"level":"error","message":"[CRITICAL_ERROR] 500 - Cannot read properties of undefined (reading 'toString') Cannot read properties of undefined (reading 'toString')","stack":"TypeError: Cannot read properties of undefined (reading 'toString')\n    at AuthController.createResponseDTO (/home/beejay/Zely/Backend-Api/src/domain/auth/authcontroller.ts:38:30)\n    at /home/beejay/Zely/Backend-Api/src/domain/auth/authcontroller.ts:89:35\n    at processTicksAndRejections (node:internal/process/task_queues:103:5)","timestamp":"2025-12-12T02:57:01.103Z"}
{"durationMs":15.92,"level":"error","message":"HTTP_REQUEST_ERROR","requestId":"154efb8f-e5f4-4fc5-b663-3a029e951d5f","statusCode":500,"timestamp":"2025-12-12T02:57:01.105Z"}
{"level":"error","message":"[CRITICAL_ERROR] 500 - Invalid refresh token Invalid refresh token","stack":"Error: Invalid refresh token\n    at verifyRefreshToken (/home/beejay/Zely/Backend-Api/src/core/lib/token.helper.ts:70:22)\n    at processTicksAndRejections (node:internal/process/task_queues:103:5)\n    at async userService.refreshToken (/home/beejay/Zely/Backend-Api/src/domain/auth/authservice.ts:96:31)\n    at async /home/beejay/Zely/Backend-Api/src/domain/auth/authcontroller.ts:88:20","timestamp":"2025-12-12T02:58:48.153Z"}
{"durationMs":15.98,"level":"error","message":"HTTP_REQUEST_ERROR","requestId":"fb74101f-4e02-48c7-8aeb-80ef34c9f078","statusCode":500,"timestamp":"2025-12-12T02:58:48.158Z"}
{"level":"error","message":"[CRITICAL_ERROR] 500 - Invalid refresh token Invalid refresh token","stack":"Error: Invalid refresh token\n    at verifyRefreshToken (/home/beejay/Zely/Backend-Api/src/core/lib/token.helper.ts:70:22)\n    at processTicksAndRejections (node:internal/process/task_queues:103:5)\n    at async userService.refreshToken (/home/beejay/Zely/Backend-Api/src/domain/auth/authservice.ts:97:31)\n    at async /home/beejay/Zely/Backend-Api/src/domain/auth/authcontroller.ts:88:20","timestamp":"2025-12-12T03:00:21.448Z"}
{"durationMs":9.95,"level":"error","message":"HTTP_REQUEST_ERROR","requestId":"b8df4cb2-a309-44af-be8d-b2f822cf810f","statusCode":500,"timestamp":"2025-12-12T03:00:21.449Z"}
{"level":"error","message":"[CRITICAL_ERROR] 500 - Invalid refresh token Invalid refresh token","stack":"Error: Invalid refresh token\n    at verifyRefreshToken (/home/beejay/Zely/Backend-Api/src/core/lib/token.helper.ts:71:22)\n    at processTicksAndRejections (node:internal/process/task_queues:103:5)\n    at async userService.refreshToken (/home/beejay/Zely/Backend-Api/src/domain/auth/authservice.ts:97:31)\n    at async /home/beejay/Zely/Backend-Api/src/domain/auth/authcontroller.ts:88:20","timestamp":"2025-12-12T03:10:05.912Z"}
{"durationMs":24.68,"level":"error","message":"HTTP_REQUEST_ERROR","requestId":"a55e63b0-861c-4aa6-9a1d-be2d16234f20","statusCode":500,"timestamp":"2025-12-12T03:10:05.916Z"}
{"level":"error","message":"[CRITICAL_ERROR] 500 - Invalid refresh token Invalid refresh token","stack":"Error: Invalid refresh token\n    at verifyRefreshToken (/home/beejay/Zely/Backend-Api/src/core/lib/token.helper.ts:71:22)\n    at processTicksAndRejections (node:internal/process/task_queues:103:5)\n    at async userService.refreshToken (/home/beejay/Zely/Backend-Api/src/domain/auth/authservice.ts:97:31)\n    at async /home/beejay/Zely/Backend-Api/src/domain/auth/authcontroller.ts:86:20","timestamp":"2025-12-12T03:30:03.822Z"}
{"durationMs":26.19,"level":"error","message":"HTTP_REQUEST_ERROR","requestId":"6806c4fb-45ed-4037-9e0e-0b4d74a50e6b","statusCode":500,"timestamp":"2025-12-12T03:30:03.826Z"}
{"level":"error","message":"[CRITICAL_ERROR] 500 - Cannot read properties of undefined (reading 'toString') Cannot read properties of undefined (reading 'toString')","stack":"TypeError: Cannot read properties of undefined (reading 'toString')\n    at AuthController.createResponseDTO (/home/beejay/Zely/Backend-Api/src/domain/auth/authcontroller.ts:38:30)\n    at /home/beejay/Zely/Backend-Api/src/domain/auth/authcontroller.ts:88:35\n    at processTicksAndRejections (node:internal/process/task_queues:103:5)","timestamp":"2025-12-12T03:32:14.680Z"}
{"durationMs":11.05,"level":"error","message":"HTTP_REQUEST_ERROR","requestId":"5304da59-d4b9-4011-8134-a98b973466a1","statusCode":500,"timestamp":"2025-12-12T03:32:14.681Z"}
{"level":"error","message":"[CRITICAL_ERROR] 500 - Invalid refresh token Invalid refresh token","stack":"Error: Invalid refresh token\n    at verifyRefreshToken (/home/beejay/Zely/Backend-Api/src/core/lib/token.helper.ts:71:22)\n    at processTicksAndRejections (node:internal/process/task_queues:103:5)\n    at async userService.refreshToken (/home/beejay/Zely/Backend-Api/src/domain/auth/authservice.ts:97:31)\n    at async /home/beejay/Zely/Backend-Api/src/domain/auth/authcontroller.ts:89:20","timestamp":"2025-12-12T03:37:53.686Z"}
{"durationMs":18.79,"level":"error","message":"HTTP_REQUEST_ERROR","requestId":"979b53a1-6d42-4a02-89a7-9e52880c3251","statusCode":500,"timestamp":"2025-12-12T03:37:53.691Z"}
{"level":"error","message":"[CRITICAL_ERROR] 500 - Cannot read properties of undefined (reading 'toString') Cannot read properties of undefined (reading 'toString')","stack":"TypeError: Cannot read properties of undefined (reading 'toString')\n    at AuthController.createResponseDTO (/home/beejay/Zely/Backend-Api/src/domain/auth/authcontroller.ts:41:30)\n    at /home/beejay/Zely/Backend-Api/src/domain/auth/authcontroller.ts:92:35\n    at processTicksAndRejections (node:internal/process/task_queues:103:5)","timestamp":"2025-12-12T03:44:36.021Z"}
{"durationMs":21.43,"level":"error","message":"HTTP_REQUEST_ERROR","requestId":"391eae8c-b526-4c11-9df7-eee577165645","statusCode":500,"timestamp":"2025-12-12T03:44:36.025Z"}
{"level":"error","message":"[CRITICAL_ERROR] 500 - Invalid refresh token Invalid refresh token","stack":"Error: Invalid refresh token\n    at verifyRefreshToken (/home/beejay/Zely/Backend-Api/src/core/lib/token.helper.ts:71:22)\n    at processTicksAndRejections (node:internal/process/task_queues:103:5)\n    at async userService.refreshToken (/home/beejay/Zely/Backend-Api/src/domain/auth/authservice.ts:97:31)\n    at async /home/beejay/Zely/Backend-Api/src/domain/auth/authcontroller.ts:89:20","timestamp":"2025-12-12T03:44:48.212Z"}
{"durationMs":4.44,"level":"error","message":"HTTP_REQUEST_ERROR","requestId":"25eefe74-ddf2-449f-86ab-6c612a408575","statusCode":500,"timestamp":"2025-12-12T03:44:48.214Z"}
{"level":"error","message":"[CRITICAL_ERROR] 500 - User not found User not found","stack":"Error: User not found\n    at AuthController.createResponseDTO (/home/beejay/Zely/Backend-Api/src/domain/auth/authcontroller.ts:38:19)\n    at /home/beejay/Zely/Backend-Api/src/domain/auth/authcontroller.ts:92:35\n    at processTicksAndRejections (node:internal/process/task_queues:103:5)","timestamp":"2025-12-12T03:46:36.484Z"}
{"durationMs":15.44,"level":"error","message":"HTTP_REQUEST_ERROR","requestId":"26f5d0d7-fdda-4c2f-8b68-b23c5ea8c38e","statusCode":500,"timestamp":"2025-12-12T03:46:36.486Z"}
{"level":"error","message":"[CRITICAL_ERROR] 500 - User not found User not found","stack":"Error: User not found\n    at AuthController.createResponseDTO (/home/beejay/Zely/Backend-Api/src/domain/auth/authcontroller.ts:38:19)\n    at /home/beejay/Zely/Backend-Api/src/domain/auth/authcontroller.ts:92:35\n    at processTicksAndRejections (node:internal/process/task_queues:103:5)","timestamp":"2025-12-12T04:00:25.917Z"}
{"durationMs":19.39,"level":"error","message":"HTTP_REQUEST_ERROR","requestId":"e6e47ba3-caf1-40e5-98a1-3164d16db5e4","statusCode":500,"timestamp":"2025-12-12T04:00:25.919Z"}
{"level":"error","message":"[CRITICAL_ERROR] 500 - Invalid refresh token Invalid refresh token","stack":"Error: Invalid refresh token\n    at verifyRefreshToken (/home/beejay/Zely/Backend-Api/src/core/lib/token.helper.ts:71:22)\n    at processTicksAndRejections (node:internal/process/task_queues:103:5)\n    at async userService.refreshToken (/home/beejay/Zely/Backend-Api/src/domain/auth/authservice.ts:96:31)\n    at async /home/beejay/Zely/Backend-Api/src/domain/auth/authcontroller.ts:89:20","timestamp":"2025-12-12T04:02:41.039Z"}
{"durationMs":11.51,"level":"error","message":"HTTP_REQUEST_ERROR","requestId":"a6eca226-b51d-43bf-9c97-db575697b4e4","statusCode":500,"timestamp":"2025-12-12T04:02:41.041Z"}
{"level":"error","message":"[API_ERROR] 403 - Invalid refresh token","timestamp":"2025-12-12T04:08:49.738Z"}
{"level":"error","message":"[API_ERROR] 403 - Invalid refresh token","timestamp":"2025-12-12T04:11:38.810Z"}
{"level":"error","message":"[API_ERROR] 403 - Invalid refresh token","timestamp":"2025-12-12T04:25:20.008Z"}
{"level":"error","message":"[API_ERROR] 403 - Invalid refresh token","timestamp":"2025-12-12T04:34:24.722Z"}
{"level":"error","message":"[API_ERROR] 403 - Invalid refresh token","timestamp":"2025-12-12T04:39:41.350Z"}
