{"level":"error","message":"[API_ERROR] 400 - User already Exist with that email","timestamp":"2025-12-02T07:22:55.586Z"}
{"level":"error","message":"[API_ERROR] 400 - User already Exist with that email","timestamp":"2025-12-02T07:24:00.552Z"}
{"level":"error","message":"[API_ERROR] 400 - User already Exist with that email","timestamp":"2025-12-02T07:25:33.023Z"}
{"level":"error","message":"[API_ERROR] 400 - Invalid password","timestamp":"2025-12-02T07:25:46.428Z"}
{"level":"error","message":"[API_ERROR] 400 - Invalid password","timestamp":"2025-12-02T07:32:35.244Z"}
{"entry":{"action":"LOGIN_FAILED_INVALID_PASSWORD","createdAt":"2025-12-02T07:35:05.855Z","ip":"::1","lastAttempt":"2025-12-02T07:35:05.855Z","metadata":{"email":"joBhn@gmial.com"},"requestId":"c8bcba3d-ada0-4f68-98bc-25ecf9d5168b","severity":"WARN","status":"FAILED","trackedEmail":"joBhn@gmial.com","userAgent":"PostmanRuntime/7.49.1","userId":"692d3832f9f92b1ed8523d68"},"error":"E11000 duplicate key error collection: zely_app.audits index: trackedEmail_1_action_1 dup key: { trackedEmail: \"joBhn@gmial.com\", action: \"LOGIN_FAILED_INVALID_PASSWORD\" }","level":"error","message":"AUDIT_DB_WRITE_FAILED","timestamp":"2025-12-02T07:35:05.871Z"}
{"level":"error","message":"[API_ERROR] 400 - Invalid password","timestamp":"2025-12-02T07:35:05.873Z"}
{"entry":{"action":"LOGIN_FAILED_INVALID_PASSWORD","createdAt":"2025-12-02T07:36:15.039Z","ip":"::1","lastAttempt":"2025-12-02T07:36:15.039Z","metadata":{"email":"joBhn@gmial.com"},"requestId":"637d5841-34e4-4271-83e5-2a60fed1a5e1","severity":"WARN","status":"FAILED","trackedEmail":"joBhn@gmial.com","userAgent":"PostmanRuntime/7.49.1","userId":"692d3832f9f92b1ed8523d68"},"error":"E11000 duplicate key error collection: zely_app.audits index: trackedEmail_1_action_1 dup key: { trackedEmail: \"joBhn@gmial.com\", action: \"LOGIN_FAILED_INVALID_PASSWORD\" }","level":"error","message":"AUDIT_DB_WRITE_FAILED","timestamp":"2025-12-02T07:36:15.050Z"}
{"level":"error","message":"[API_ERROR] 400 - Invalid password","timestamp":"2025-12-02T07:36:15.051Z"}
{"level":"error","message":"[API_ERROR] 400 - Invalid password","timestamp":"2025-12-02T07:37:26.817Z"}
{"level":"error","message":"[API_ERROR] 400 - Invalid password","timestamp":"2025-12-02T07:40:22.498Z"}
{"level":"error","message":"[API_ERROR] 400 - Invalid password","timestamp":"2025-12-02T07:49:49.705Z"}
{"level":"error","message":"[API_ERROR] 400 - Invalid password","timestamp":"2025-12-02T07:51:36.091Z"}
{"level":"error","message":"[API_ERROR] 400 - Invalid password","timestamp":"2025-12-02T08:26:37.164Z"}
{"level":"error","message":"[API_ERROR] 400 - Invalid password","timestamp":"2025-12-02T08:27:18.176Z"}
{"level":"error","message":"[API_ERROR] 400 - Invalid password","timestamp":"2025-12-02T08:41:04.217Z"}
{"level":"error","message":"[API_ERROR] 400 - Invalid password","timestamp":"2025-12-02T08:43:06.674Z"}
{"level":"error","message":"[API_ERROR] 400 - User already Exist with that email","timestamp":"2025-12-02T08:44:07.995Z"}
{"level":"error","message":"[API_ERROR] 400 - User already Exist with that email","timestamp":"2025-12-02T08:48:37.173Z"}
{"level":"error","message":"[API_ERROR] 400 - User already Exist with that email","timestamp":"2025-12-02T08:54:12.717Z"}
{"entry":{"action":"692ea7cf81da7552b30f9b5c","createdAt":"2025-12-02T08:54:28.967Z","ip":"::1","lastAttempt":"2025-12-02T08:54:28.967Z","requestId":"31e3e0c7-7105-4aaf-bebb-4b822be9528b","severity":"INFO","status":"USER_REGISTER_ATTEMPT","trackedEmail":"jobhnm@gmial.com","userAgent":"PostmanRuntime/7.49.1","userId":"REGISTRATION_BLOCKED_ALREADY_EXISTS"},"error":"E11000 duplicate key error collection: zely_app.audits index: trackedEmail_1_action_1 dup key: { trackedEmail: \"jobhnm@gmial.com\", action: \"692ea7cf81da7552b30f9b5c\" }","level":"error","message":"AUDIT_DB_WRITE_FAILED","timestamp":"2025-12-02T08:54:28.973Z"}
{"level":"error","message":"[API_ERROR] 400 - User already Exist with that email","timestamp":"2025-12-02T08:54:28.974Z"}
{"entry":{"action":"692ea7cf81da7552b30f9b5c","createdAt":"2025-12-02T08:54:39.710Z","ip":"::1","lastAttempt":"2025-12-02T08:54:39.710Z","requestId":"02278edd-0f12-47dc-935d-87bda4d48c79","severity":"INFO","status":"USER_REGISTER_ATTEMPT","trackedEmail":"jobhnm@gmial.com","userAgent":"PostmanRuntime/7.49.1","userId":"REGISTRATION_BLOCKED_ALREADY_EXISTS"},"error":"E11000 duplicate key error collection: zely_app.audits index: trackedEmail_1_action_1 dup key: { trackedEmail: \"jobhnm@gmial.com\", action: \"692ea7cf81da7552b30f9b5c\" }","level":"error","message":"AUDIT_DB_WRITE_FAILED","timestamp":"2025-12-02T08:54:39.714Z"}
{"level":"error","message":"[API_ERROR] 400 - User already Exist with that email","timestamp":"2025-12-02T08:54:39.715Z"}
{"entry":{"action":"692ea7cf81da7552b30f9b5c","createdAt":"2025-12-02T08:56:58.413Z","ip":"::1","lastAttempt":"2025-12-02T08:56:58.413Z","requestId":"55a0acd3-111a-4c31-98db-3c33ee5e4a5d","severity":"INFO","status":"USER_REGISTER_ATTEMPT","trackedEmail":"jobhnm@gmial.com","userAgent":"PostmanRuntime/7.49.1","userId":"REGISTRATION_BLOCKED_ALREADY_EXISTS"},"error":"E11000 duplicate key error collection: zely_app.audits index: trackedEmail_1_action_1 dup key: { trackedEmail: \"jobhnm@gmial.com\", action: \"692ea7cf81da7552b30f9b5c\" }","level":"error","message":"AUDIT_DB_WRITE_FAILED","timestamp":"2025-12-02T08:56:58.423Z"}
{"level":"error","message":"[API_ERROR] 400 - User already Exist with that email","timestamp":"2025-12-02T08:56:58.424Z"}
{"level":"error","message":"[API_ERROR] 400 - User already Exist with that email","timestamp":"2025-12-02T08:58:14.707Z"}
{"level":"error","message":"[API_ERROR] 400 - User already Exist with that email","timestamp":"2025-12-02T08:58:23.877Z"}
{"level":"error","message":"[API_ERROR] 400 - User already Exist with that email","timestamp":"2025-12-02T08:58:35.909Z"}
{"level":"error","message":"[API_ERROR] 400 - User already Exist with that email","timestamp":"2025-12-02T08:59:00.089Z"}
{"level":"error","message":"[API_ERROR] 400 - User already Exist with that email","timestamp":"2025-12-02T08:59:08.527Z"}
{"level":"error","message":"[API_ERROR] 400 - User already Exist with that email","timestamp":"2025-12-02T08:59:09.681Z"}
{"level":"error","message":"[API_ERROR] 400 - User already Exist with that email","timestamp":"2025-12-02T08:59:31.912Z"}
{"level":"error","message":"[API_ERROR] 400 - User already Exist with that email","timestamp":"2025-12-02T08:59:33.478Z"}
{"level":"error","message":"[API_ERROR] 400 - User already Exist with that email","timestamp":"2025-12-02T09:00:17.428Z"}
{"level":"error","message":"[API_ERROR] 400 - User already Exist with that email","timestamp":"2025-12-02T09:00:20.748Z"}
{"level":"error","message":"[API_ERROR] 400 - User already Exist with that email","timestamp":"2025-12-02T09:03:58.505Z"}
{"level":"error","message":"[API_ERROR] 400 - User already Exist with that email","timestamp":"2025-12-02T09:03:59.601Z"}
{"level":"error","message":"[API_ERROR] 400 - User already Exist with that email","timestamp":"2025-12-02T09:08:39.665Z"}
{"level":"error","message":"[API_ERROR] 400 - User already Exist with that email","timestamp":"2025-12-02T09:08:41.401Z"}
{"level":"error","message":"[API_ERROR] 400 - User already Exist with that email","timestamp":"2025-12-02T09:09:25.541Z"}
{"level":"error","message":"[API_ERROR] 400 - User already Exist with that email","timestamp":"2025-12-02T09:09:26.551Z"}
{"level":"error","message":"[API_ERROR] 400 - User already Exist with that email","timestamp":"2025-12-02T09:09:45.252Z"}
{"level":"error","message":"[API_ERROR] 400 - User already Exist with that email","timestamp":"2025-12-02T09:10:03.093Z"}
{"level":"error","message":"[API_ERROR] 400 - User already Exist with that email","timestamp":"2025-12-02T09:10:04.402Z"}
{"level":"error","message":"[API_ERROR] 400 - User already Exist with that email","timestamp":"2025-12-02T09:11:02.130Z"}
{"level":"error","message":"[API_ERROR] 400 - User already Exist with that email","timestamp":"2025-12-02T09:11:07.894Z"}
{"level":"error","message":"[API_ERROR] 400 - User already Exist with that email","timestamp":"2025-12-02T09:11:12.082Z"}
{"level":"error","message":"[API_ERROR] 400 - User already Exist with that email","timestamp":"2025-12-02T09:29:24.865Z"}
{"level":"error","message":"[API_ERROR] 400 - User already Exist with that email","timestamp":"2025-12-02T09:29:28.898Z"}
{"level":"error","message":"[API_ERROR] 400 - User already Exist with that email","timestamp":"2025-12-02T09:31:33.651Z"}
{"level":"error","message":"[API_ERROR] 400 - User already Exist with that email","timestamp":"2025-12-02T09:31:38.882Z"}
{"level":"error","message":"[API_ERROR] 400 - User already Exist with that email","timestamp":"2025-12-02T09:34:51.029Z"}
{"level":"error","message":"[API_ERROR] 400 - Invalid password","timestamp":"2025-12-02T09:37:24.594Z"}
{"level":"error","message":"[API_ERROR] 400 - Invalid password","timestamp":"2025-12-02T09:38:00.735Z"}
{"level":"error","message":"[API_ERROR] 400 - Invalid password","timestamp":"2025-12-02T09:38:32.021Z"}
{"level":"error","message":"[API_ERROR] 400 - Invalid password","timestamp":"2025-12-02T09:44:43.761Z"}
{"level":"error","message":"[API_ERROR] 400 - Invalid password","timestamp":"2025-12-02T09:44:57.224Z"}
{"level":"error","message":"[API_ERROR] 400 - Invalid password","timestamp":"2025-12-02T09:58:32.622Z"}
{"level":"error","message":"[API_ERROR] 400 - Invalid password","timestamp":"2025-12-02T09:58:40.339Z"}
{"level":"error","message":"[API_ERROR] 400 - User not found","timestamp":"2025-12-02T09:59:03.663Z"}
{"level":"error","message":"[API_ERROR] 400 - User not found","timestamp":"2025-12-02T09:59:31.292Z"}
{"level":"error","message":"[API_ERROR] 400 - User already Exist with that email","timestamp":"2025-12-02T10:00:08.968Z"}
{"level":"error","message":"[API_ERROR] 400 - User already Exist with that email","timestamp":"2025-12-02T10:00:17.023Z"}
{"level":"error","message":"[API_ERROR] 400 - User already Exist with that email","timestamp":"2025-12-02T10:04:02.016Z"}
{"level":"error","message":"[API_ERROR] 400 - User already Exist with that email","timestamp":"2025-12-02T10:05:26.681Z"}
{"level":"error","message":"[API_ERROR] 400 - User already Exist with that email","timestamp":"2025-12-02T10:08:03.709Z"}
{"level":"error","message":"[API_ERROR] 400 - User already Exist with that email","timestamp":"2025-12-02T10:08:11.355Z"}
{"level":"error","message":"[API_ERROR] 400 - User already Exist with that email","timestamp":"2025-12-02T10:11:50.808Z"}
{"level":"error","message":"[API_ERROR] 400 - User already Exist with that email","timestamp":"2025-12-02T10:15:26.060Z"}
{"level":"error","message":"[API_ERROR] 400 - User already Exist with that email","timestamp":"2025-12-02T10:17:50.601Z"}
{"level":"error","message":"[API_ERROR] 400 - User already Exist with that email","timestamp":"2025-12-02T10:17:54.614Z"}
{"level":"error","message":"[API_ERROR] 400 - Invalid password","timestamp":"2025-12-02T10:20:05.946Z"}
{"level":"error","message":"[API_ERROR] 400 - Invalid password","timestamp":"2025-12-02T10:20:20.196Z"}
{"level":"error","message":"[API_ERROR] 400 - Invalid password","timestamp":"2025-12-02T10:20:30.290Z"}
{"level":"error","message":"[API_ERROR] 400 - Invalid password","timestamp":"2025-12-02T10:24:33.120Z"}
{"level":"error","message":"[CRITICAL_ERROR] 500 - REFRESH_TOKEN_SECRET is not defined REFRESH_TOKEN_SECRET is not defined","stack":"Error: REFRESH_TOKEN_SECRET is not defined\n    at signRefreshToken (/home/beejay/Zely/Backend-Api/src/core/lib/token.ts:31:24)\n    at issueTokensForUser (/home/beejay/Zely/Backend-Api/src/domain/auth/authservice.ts:13:71)\n    at processTicksAndRejections (node:internal/process/task_queues:103:5)\n    at async userService.Register (/home/beejay/Zely/Backend-Api/src/domain/auth/authservice.ts:57:41)\n    at async /home/beejay/Zely/Backend-Api/src/domain/auth/authcontroller.ts:60:20","timestamp":"2025-12-02T22:21:41.633Z"}
{"durationMs":279.07,"level":"error","message":"HTTP_REQUEST_ERROR","requestId":"faba129c-b285-4a52-a720-0d6b9f14383e","statusCode":500,"timestamp":"2025-12-02T22:21:41.639Z"}
{"level":"error","message":"[CRITICAL_ERROR] 500 - REFRESH_TOKEN_SECRET is not defined REFRESH_TOKEN_SECRET is not defined","stack":"Error: REFRESH_TOKEN_SECRET is not defined\n    at signRefreshToken (/home/beejay/Zely/Backend-Api/src/core/lib/token.ts:30:24)\n    at issueTokensForUser (/home/beejay/Zely/Backend-Api/src/domain/auth/authservice.ts:13:71)\n    at processTicksAndRejections (node:internal/process/task_queues:103:5)\n    at async userService.Register (/home/beejay/Zely/Backend-Api/src/domain/auth/authservice.ts:57:41)\n    at async /home/beejay/Zely/Backend-Api/src/domain/auth/authcontroller.ts:60:20","timestamp":"2025-12-02T22:25:37.869Z"}
{"durationMs":238.67,"level":"error","message":"HTTP_REQUEST_ERROR","requestId":"acef559e-edbd-4c87-a822-2b3ae105e39f","statusCode":500,"timestamp":"2025-12-02T22:25:37.873Z"}
{"command":{"args":["refresh:hash:b80dac1c79ff9cf5f0d090dd95d5432337347382128e16bbecd6d2ef156cd898","{\"userId\":\"692f68f872a9916f3251958a\",\"jti\":\"4bd87f2f-0e2a-40d3-9730-b31a00f3e3f7\",\"deviceId\":\"default-device\"}","EX","14d"],"name":"set"},"level":"error","message":"[CRITICAL_ERROR] 500 - ERR value is not an integer or out of range ERR value is not an integer or out of range","stack":"ReplyError: ERR value is not an integer or out of range\n    at parseError (/home/beejay/Zely/Backend-Api/node_modules/redis-parser/lib/parser.js:179:12)\n    at parseType (/home/beejay/Zely/Backend-Api/node_modules/redis-parser/lib/parser.js:302:14)","timestamp":"2025-12-02T22:32:24.971Z"}
{"durationMs":254.8,"level":"error","message":"HTTP_REQUEST_ERROR","requestId":"03428762-a088-46db-bd23-34850321c234","statusCode":500,"timestamp":"2025-12-02T22:32:24.976Z"}
{"level":"error","message":"[API_ERROR] 400 - User already Exist with that email","timestamp":"2025-12-02T22:49:17.374Z"}
